INFO:     Started server process [14700]
INFO:     Waiting for application startup.
2026-06-28 07:46:56,117 INFO httpx: HTTP Request: GET https://gamma-api.polymarket.com/markets?active=true&closed=false&limit=100&offset=0&order=volumeNum&ascending=false "HTTP/1.1 200 OK"
2026-06-28 07:46:56,158 INFO httpx: HTTP Request: GET https://gamma-api.polymarket.com/markets?active=true&closed=false&limit=100&offset=100&order=volumeNum&ascending=false "HTTP/1.1 200 OK"
2026-06-28 07:46:56,598 INFO httpx: HTTP Request: GET https://external-api.kalshi.com/trade-api/v2/events?status=open&with_nested_markets=true&limit=200 "HTTP/1.1 200 OK"
2026-06-28 07:46:57,263 INFO httpx: HTTP Request: GET https://external-api.kalshi.com/trade-api/v2/events?status=open&with_nested_markets=true&limit=200&cursor=CgYI8IjS-AYSCEtYSDFCLTI5 "HTTP/1.1 200 OK"
2026-06-28 07:46:58,470 INFO httpx: HTTP Request: GET https://external-api.kalshi.com/trade-api/v2/events?status=open&with_nested_markets=true&limit=200&cursor=CgYI8OXj6AYSEUtYTlZEQUEtMjhKQU5IRUFE "HTTP/1.1 200 OK"
2026-06-28 07:47:00,061 INFO httpx: HTTP Request: GET https://external-api.kalshi.com/trade-api/v2/events?status=open&with_nested_markets=true&limit=200&cursor=CgYI8NSs5gYSFktYTUlEVEVSTVZPVEVUVVJOLVBBMTE "HTTP/1.1 200 OK"
2026-06-28 07:47:01,181 INFO httpx: HTTP Request: GET https://external-api.kalshi.com/trade-api/v2/events?status=open&with_nested_markets=true&limit=200&cursor=CgYI8NSs5gYSFktYTUlEVEVSTVZPVEVUVVJOLUtTMDI "HTTP/1.1 200 OK"
2026-06-28 07:47:01,650 INFO httpx: HTTP Request: GET https://external-api.kalshi.com/trade-api/v2/events?status=open&with_nested_markets=true&limit=200&cursor=CgYI8NSs5gYSEktYTUlEVEVSTU1PVi1XSTAyRA "HTTP/1.1 200 OK"
2026-06-28 07:47:02,932 INFO httpx: HTTP Request: GET https://external-api.kalshi.com/trade-api/v2/events?status=open&with_nested_markets=true&limit=200&cursor=CgYI8NSs5gYSEktYTUlEVEVSTU1PVi1OVjAzUg "HTTP/1.1 200 OK"
2026-06-28 07:47:03,879 INFO httpx: HTTP Request: GET https://external-api.kalshi.com/trade-api/v2/events?status=open&with_nested_markets=true&limit=200&cursor=CgYI8NSs5gYSE0tYTUlEVEVSTU1PVi1HQVNFTkQ "HTTP/1.1 200 OK"
2026-06-28 07:47:04,770 INFO httpx: HTTP Request: GET https://external-api.kalshi.com/trade-api/v2/events?status=open&with_nested_markets=true&limit=200&cursor=CgYI4Inv4AYSHUtYVk9URVBSSU1BUlktTlkxM0QyNkFFU1BBRVNQ "HTTP/1.1 200 OK"
2026-06-28 07:47:05,992 INFO httpx: HTTP Request: GET https://external-api.kalshi.com/trade-api/v2/events?status=open&with_nested_markets=true&limit=200&cursor=CgYI8L322wYSDUtYTUFZT1JDSEktMjc "HTTP/1.1 200 OK"
2026-06-28 07:47:07,467 INFO app: refresh complete: 300 canonical, 271 unified (kalshi=150, polymarket=150)
INFO:     Application startup complete.
INFO:     Uvicorn running on http://127.0.0.1:8000 (Press CTRL+C to quit)
2026-06-28 07:47:40,183 INFO httpx: HTTP Request: GET https://data.alpaca.markets/v2/stocks/SPY/snapshot "HTTP/1.1 200 OK"
2026-06-28 07:47:40,633 INFO httpx: HTTP Request: GET https://data.alpaca.markets/v2/stocks/LMT/snapshot "HTTP/1.1 200 OK"
2026-06-28 07:47:41,101 INFO httpx: HTTP Request: POST https://paper-api.alpaca.markets/v2/orders "HTTP/1.1 200 OK"
2026-06-28 07:47:41,573 INFO httpx: HTTP Request: GET https://data.alpaca.markets/v2/stocks/LMT/snapshot "HTTP/1.1 200 OK"
2026-06-28 07:47:42,014 INFO httpx: HTTP Request: GET https://data.alpaca.markets/v2/stocks/SPY/snapshot "HTTP/1.1 200 OK"
2026-06-28 07:47:42,489 INFO httpx: HTTP Request: GET https://data.alpaca.markets/v2/stocks/SPY/snapshot "HTTP/1.1 200 OK"
2026-06-28 07:47:42,939 INFO httpx: HTTP Request: GET https://data.alpaca.markets/v2/stocks/LMT/snapshot "HTTP/1.1 200 OK"
2026-06-28 07:47:57,394 INFO httpx: HTTP Request: GET https://data.alpaca.markets/v2/stocks/SPY/snapshot "HTTP/1.1 200 OK"
2026-06-28 07:47:57,859 INFO httpx: HTTP Request: GET https://data.alpaca.markets/v2/stocks/LMT/snapshot "HTTP/1.1 200 OK"
2026-06-28 07:48:07,868 INFO httpx: HTTP Request: GET https://gamma-api.polymarket.com/markets?active=true&closed=false&limit=100&offset=0&order=volumeNum&ascending=false "HTTP/1.1 200 OK"
2026-06-28 07:48:07,913 INFO httpx: HTTP Request: GET https://gamma-api.polymarket.com/markets?active=true&closed=false&limit=100&offset=100&order=volumeNum&ascending=false "HTTP/1.1 200 OK"
2026-06-28 07:48:08,380 INFO httpx: HTTP Request: GET https://external-api.kalshi.com/trade-api/v2/events?status=open&with_nested_markets=true&limit=200 "HTTP/1.1 200 OK"
2026-06-28 07:48:09,028 INFO httpx: HTTP Request: GET https://external-api.kalshi.com/trade-api/v2/events?status=open&with_nested_markets=true&limit=200&cursor=CgYI8IjS-AYSCEtYSDFCLTI5 "HTTP/1.1 200 OK"
2026-06-28 07:48:09,601 INFO httpx: HTTP Request: GET https://external-api.kalshi.com/trade-api/v2/events?status=open&with_nested_markets=true&limit=200&cursor=CgYI8OXj6AYSEUtYTlZEQUEtMjhKQU5IRUFE "HTTP/1.1 200 OK"
2026-06-28 07:48:10,267 INFO httpx: HTTP Request: GET https://external-api.kalshi.com/trade-api/v2/events?status=open&with_nested_markets=true&limit=200&cursor=CgYI8NSs5gYSFktYTUlEVEVSTVZPVEVUVVJOLVBBMTE "HTTP/1.1 200 OK"
2026-06-28 07:48:10,798 INFO httpx: HTTP Request: GET https://external-api.kalshi.com/trade-api/v2/events?status=open&with_nested_markets=true&limit=200&cursor=CgYI8NSs5gYSFktYTUlEVEVSTVZPVEVUVVJOLUtTMDI "HTTP/1.1 200 OK"
2026-06-28 07:48:11,364 INFO httpx: HTTP Request: GET https://external-api.kalshi.com/trade-api/v2/events?status=open&with_nested_markets=true&limit=200&cursor=CgYI8NSs5gYSEktYTUlEVEVSTU1PVi1XSTAyRA "HTTP/1.1 200 OK"
2026-06-28 07:48:12,164 INFO httpx: HTTP Request: GET https://external-api.kalshi.com/trade-api/v2/events?status=open&with_nested_markets=true&limit=200&cursor=CgYI8NSs5gYSEktYTUlEVEVSTU1PVi1OVjAzUg "HTTP/1.1 200 OK"
2026-06-28 07:48:12,927 INFO httpx: HTTP Request: GET https://external-api.kalshi.com/trade-api/v2/events?status=open&with_nested_markets=true&limit=200&cursor=CgYI8NSs5gYSE0tYTUlEVEVSTU1PVi1HQVNFTkQ "HTTP/1.1 200 OK"
2026-06-28 07:48:13,679 INFO httpx: HTTP Request: GET https://external-api.kalshi.com/trade-api/v2/events?status=open&with_nested_markets=true&limit=200&cursor=CgYI4Inv4AYSHUtYVk9URVBSSU1BUlktTlkxM0QyNkFFU1BBRVNQ "HTTP/1.1 200 OK"
2026-06-28 07:48:14,597 INFO httpx: HTTP Request: GET https://external-api.kalshi.com/trade-api/v2/events?status=open&with_nested_markets=true&limit=200&cursor=CgYI8L322wYSDUtYTUFZT1JDSEktMjc "HTTP/1.1 200 OK"
2026-06-28 07:48:15,776 INFO app: refresh complete: 300 canonical, 271 unified (kalshi=150, polymarket=150)
2026-06-28 07:49:16,199 INFO httpx: HTTP Request: GET https://gamma-api.polymarket.com/markets?active=true&closed=false&limit=100&offset=0&order=volumeNum&ascending=false "HTTP/1.1 200 OK"
2026-06-28 07:49:16,237 INFO httpx: HTTP Request: GET https://gamma-api.polymarket.com/markets?active=true&closed=false&limit=100&offset=100&order=volumeNum&ascending=false "HTTP/1.1 200 OK"
2026-06-28 07:49:16,671 INFO httpx: HTTP Request: GET https://external-api.kalshi.com/trade-api/v2/events?status=open&with_nested_markets=true&limit=200 "HTTP/1.1 200 OK"
2026-06-28 07:49:17,313 INFO httpx: HTTP Request: GET https://external-api.kalshi.com/trade-api/v2/events?status=open&with_nested_markets=true&limit=200&cursor=CgYI8IjS-AYSCEtYSDFCLTI5 "HTTP/1.1 200 OK"
2026-06-28 07:49:18,699 INFO httpx: HTTP Request: GET https://external-api.kalshi.com/trade-api/v2/events?status=open&with_nested_markets=true&limit=200&cursor=CgYI8OXj6AYSEUtYTlZEQUEtMjhKQU5IRUFE "HTTP/1.1 200 OK"
2026-06-28 07:49:19,767 INFO httpx: HTTP Request: GET https://external-api.kalshi.com/trade-api/v2/events?status=open&with_nested_markets=true&limit=200&cursor=CgYI8NSs5gYSFktYTUlEVEVSTVZPVEVUVVJOLVBBMTE "HTTP/1.1 200 OK"
2026-06-28 07:49:20,137 INFO httpx: HTTP Request: GET https://external-api.kalshi.com/trade-api/v2/events?status=open&with_nested_markets=true&limit=200&cursor=CgYI8NSs5gYSFktYTUlEVEVSTVZPVEVUVVJOLUtTMDI "HTTP/1.1 200 OK"
2026-06-28 07:49:20,613 INFO httpx: HTTP Request: GET https://external-api.kalshi.com/trade-api/v2/events?status=open&with_nested_markets=true&limit=200&cursor=CgYI8NSs5gYSEktYTUlEVEVSTU1PVi1XSTAyRA "HTTP/1.1 200 OK"
2026-06-28 07:49:21,363 INFO httpx: HTTP Request: GET https://external-api.kalshi.com/trade-api/v2/events?status=open&with_nested_markets=true&limit=200&cursor=CgYI8NSs5gYSEktYTUlEVEVSTU1PVi1OVjAzUg "HTTP/1.1 200 OK"
2026-06-28 07:49:22,066 INFO httpx: HTTP Request: GET https://external-api.kalshi.com/trade-api/v2/events?status=open&with_nested_markets=true&limit=200&cursor=CgYI8NSs5gYSE0tYTUlEVEVSTU1PVi1HQVNFTkQ "HTTP/1.1 200 OK"
2026-06-28 07:49:22,815 INFO httpx: HTTP Request: GET https://external-api.kalshi.com/trade-api/v2/events?status=open&with_nested_markets=true&limit=200&cursor=CgYI4Inv4AYSHUtYVk9URVBSSU1BUlktTlkxM0QyNkFFU1BBRVNQ "HTTP/1.1 200 OK"
2026-06-28 07:49:23,750 INFO httpx: HTTP Request: GET https://external-api.kalshi.com/trade-api/v2/events?status=open&with_nested_markets=true&limit=200&cursor=CgYI8L322wYSDUtYTUFZT1JDSEktMjc "HTTP/1.1 200 OK"
2026-06-28 07:49:24,999 INFO app: refresh complete: 300 canonical, 271 unified (kalshi=150, polymarket=150)
2026-06-28 07:50:25,416 INFO httpx: HTTP Request: GET https://gamma-api.polymarket.com/markets?active=true&closed=false&limit=100&offset=0&order=volumeNum&ascending=false "HTTP/1.1 200 OK"
2026-06-28 07:50:25,462 INFO httpx: HTTP Request: GET https://gamma-api.polymarket.com/markets?active=true&closed=false&limit=100&offset=100&order=volumeNum&ascending=false "HTTP/1.1 200 OK"
2026-06-28 07:50:25,942 INFO httpx: HTTP Request: GET https://external-api.kalshi.com/trade-api/v2/events?status=open&with_nested_markets=true&limit=200 "HTTP/1.1 200 OK"
2026-06-28 07:50:26,765 INFO httpx: HTTP Request: GET https://external-api.kalshi.com/trade-api/v2/events?status=open&with_nested_markets=true&limit=200&cursor=CgYI8IjS-AYSCEtYSDFCLTI5 "HTTP/1.1 200 OK"
2026-06-28 07:50:27,241 INFO httpx: HTTP Request: GET https://external-api.kalshi.com/trade-api/v2/events?status=open&with_nested_markets=true&limit=200&cursor=CgYI8OXj6AYSEUtYTlZEQUEtMjhKQU5IRUFE "HTTP/1.1 200 OK"
2026-06-28 07:50:27,797 INFO httpx: HTTP Request: GET https://external-api.kalshi.com/trade-api/v2/events?status=open&with_nested_markets=true&limit=200&cursor=CgYI8NSs5gYSFktYTUlEVEVSTVZPVEVUVVJOLVBBMTE "HTTP/1.1 200 OK"
2026-06-28 07:50:28,208 INFO httpx: HTTP Request: GET https://external-api.kalshi.com/trade-api/v2/events?status=open&with_nested_markets=true&limit=200&cursor=CgYI8NSs5gYSFktYTUlEVEVSTVZPVEVUVVJOLUtTMDI "HTTP/1.1 200 OK"
2026-06-28 07:50:28,658 INFO httpx: HTTP Request: GET https://external-api.kalshi.com/trade-api/v2/events?status=open&with_nested_markets=true&limit=200&cursor=CgYI8NSs5gYSEktYTUlEVEVSTU1PVi1XSTAyRA "HTTP/1.1 200 OK"
2026-06-28 07:50:29,433 INFO httpx: HTTP Request: GET https://external-api.kalshi.com/trade-api/v2/events?status=open&with_nested_markets=true&limit=200&cursor=CgYI8NSs5gYSEktYTUlEVEVSTU1PVi1OVjAzUg "HTTP/1.1 200 OK"
2026-06-28 07:50:30,291 INFO httpx: HTTP Request: GET https://external-api.kalshi.com/trade-api/v2/events?status=open&with_nested_markets=true&limit=200&cursor=CgYI8NSs5gYSE0tYTUlEVEVSTU1PVi1HQVNFTkQ "HTTP/1.1 200 OK"
2026-06-28 07:50:31,766 INFO httpx: HTTP Request: GET https://external-api.kalshi.com/trade-api/v2/events?status=open&with_nested_markets=true&limit=200&cursor=CgYI4Inv4AYSHUtYVk9URVBSSU1BUlktTlkxM0QyNkFFU1BBRVNQ "HTTP/1.1 200 OK"
2026-06-28 07:50:33,509 INFO httpx: HTTP Request: GET https://external-api.kalshi.com/trade-api/v2/events?status=open&with_nested_markets=true&limit=200&cursor=CgYI8L322wYSDUtYTUFZT1JDSEktMjc "HTTP/1.1 200 OK"
2026-06-28 07:50:35,368 INFO app: refresh complete: 300 canonical, 271 unified (kalshi=150, polymarket=150)
2026-06-28 07:51:35,798 INFO httpx: HTTP Request: GET https://gamma-api.polymarket.com/markets?active=true&closed=false&limit=100&offset=0&order=volumeNum&ascending=false "HTTP/1.1 200 OK"
2026-06-28 07:51:35,837 INFO httpx: HTTP Request: GET https://gamma-api.polymarket.com/markets?active=true&closed=false&limit=100&offset=100&order=volumeNum&ascending=false "HTTP/1.1 200 OK"
2026-06-28 07:51:36,292 INFO httpx: HTTP Request: GET https://external-api.kalshi.com/trade-api/v2/events?status=open&with_nested_markets=true&limit=200 "HTTP/1.1 200 OK"
2026-06-28 07:51:36,988 INFO httpx: HTTP Request: GET https://external-api.kalshi.com/trade-api/v2/events?status=open&with_nested_markets=true&limit=200&cursor=CgYI8IjS-AYSCEtYSDFCLTI5 "HTTP/1.1 200 OK"
2026-06-28 07:51:37,812 INFO httpx: HTTP Request: GET https://external-api.kalshi.com/trade-api/v2/events?status=open&with_nested_markets=true&limit=200&cursor=CgYI8OXj6AYSEUtYTlZEQUEtMjhKQU5IRUFE "HTTP/1.1 200 OK"
2026-06-28 07:51:38,337 INFO httpx: HTTP Request: GET https://external-api.kalshi.com/trade-api/v2/events?status=open&with_nested_markets=true&limit=200&cursor=CgYI8NSs5gYSFktYTUlEVEVSTVZPVEVUVVJOLVBBMTE "HTTP/1.1 200 OK"
2026-06-28 07:51:38,772 INFO httpx: HTTP Request: GET https://external-api.kalshi.com/trade-api/v2/events?status=open&with_nested_markets=true&limit=200&cursor=CgYI8NSs5gYSFktYTUlEVEVSTVZPVEVUVVJOLUtTMDI "HTTP/1.1 200 OK"
2026-06-28 07:51:39,241 INFO httpx: HTTP Request: GET https://external-api.kalshi.com/trade-api/v2/events?status=open&with_nested_markets=true&limit=200&cursor=CgYI8NSs5gYSEktYTUlEVEVSTU1PVi1XSTAyRA "HTTP/1.1 200 OK"
2026-06-28 07:51:39,946 INFO httpx: HTTP Request: GET https://external-api.kalshi.com/trade-api/v2/events?status=open&with_nested_markets=true&limit=200&cursor=CgYI8NSs5gYSEktYTUlEVEVSTU1PVi1OVjAzUg "HTTP/1.1 200 OK"
2026-06-28 07:51:40,591 INFO httpx: HTTP Request: GET https://external-api.kalshi.com/trade-api/v2/events?status=open&with_nested_markets=true&limit=200&cursor=CgYI8NSs5gYSE0tYTUlEVEVSTU1PVi1HQVNFTkQ "HTTP/1.1 200 OK"
2026-06-28 07:51:41,477 INFO httpx: HTTP Request: GET https://external-api.kalshi.com/trade-api/v2/events?status=open&with_nested_markets=true&limit=200&cursor=CgYI4Inv4AYSHUtYVk9URVBSSU1BUlktTlkxM0QyNkFFU1BBRVNQ "HTTP/1.1 200 OK"
2026-06-28 07:51:42,555 INFO httpx: HTTP Request: GET https://external-api.kalshi.com/trade-api/v2/events?status=open&with_nested_markets=true&limit=200&cursor=CgYI8L322wYSDUtYTUFZT1JDSEktMjc "HTTP/1.1 200 OK"
2026-06-28 07:51:43,927 INFO app: refresh complete: 300 canonical, 271 unified (kalshi=150, polymarket=150)
2026-06-28 07:52:44,311 INFO httpx: HTTP Request: GET https://gamma-api.polymarket.com/markets?active=true&closed=false&limit=100&offset=0&order=volumeNum&ascending=false "HTTP/1.1 200 OK"
2026-06-28 07:52:44,350 INFO httpx: HTTP Request: GET https://gamma-api.polymarket.com/markets?active=true&closed=false&limit=100&offset=100&order=volumeNum&ascending=false "HTTP/1.1 200 OK"
2026-06-28 07:52:44,830 INFO httpx: HTTP Request: GET https://external-api.kalshi.com/trade-api/v2/events?status=open&with_nested_markets=true&limit=200 "HTTP/1.1 200 OK"
2026-06-28 07:52:45,446 INFO httpx: HTTP Request: GET https://external-api.kalshi.com/trade-api/v2/events?status=open&with_nested_markets=true&limit=200&cursor=CgYI8IjS-AYSCEtYSDFCLTI5 "HTTP/1.1 200 OK"
2026-06-28 07:52:46,818 INFO httpx: HTTP Request: GET https://external-api.kalshi.com/trade-api/v2/events?status=open&with_nested_markets=true&limit=200&cursor=CgYI8OXj6AYSEUtYTlZEQUEtMjhKQU5IRUFE "HTTP/1.1 200 OK"
2026-06-28 07:52:47,791 INFO httpx: HTTP Request: GET https://external-api.kalshi.com/trade-api/v2/events?status=open&with_nested_markets=true&limit=200&cursor=CgYI8NSs5gYSFktYTUlEVEVSTVZPVEVUVVJOLVBBMTE "HTTP/1.1 200 OK"
2026-06-28 07:52:48,598 INFO httpx: HTTP Request: GET https://external-api.kalshi.com/trade-api/v2/events?status=open&with_nested_markets=true&limit=200&cursor=CgYI8NSs5gYSFktYTUlEVEVSTVZPVEVUVVJOLUtTMDI "HTTP/1.1 200 OK"
2026-06-28 07:52:49,072 INFO httpx: HTTP Request: GET https://external-api.kalshi.com/trade-api/v2/events?status=open&with_nested_markets=true&limit=200&cursor=CgYI8NSs5gYSEktYTUlEVEVSTU1PVi1XSTAyRA "HTTP/1.1 200 OK"
2026-06-28 07:52:49,806 INFO httpx: HTTP Request: GET https://external-api.kalshi.com/trade-api/v2/events?status=open&with_nested_markets=true&limit=200&cursor=CgYI8NSs5gYSEktYTUlEVEVSTU1PVi1OVjAzUg "HTTP/1.1 200 OK"
2026-06-28 07:52:50,520 INFO httpx: HTTP Request: GET https://external-api.kalshi.com/trade-api/v2/events?status=open&with_nested_markets=true&limit=200&cursor=CgYI8NSs5gYSE0tYTUlEVEVSTU1PVi1HQVNFTkQ "HTTP/1.1 200 OK"
2026-06-28 07:52:51,370 INFO httpx: HTTP Request: GET https://external-api.kalshi.com/trade-api/v2/events?status=open&with_nested_markets=true&limit=200&cursor=CgYI4Inv4AYSHUtYVk9URVBSSU1BUlktTlkxM0QyNkFFU1BBRVNQ "HTTP/1.1 200 OK"
2026-06-28 07:52:52,600 INFO httpx: HTTP Request: GET https://external-api.kalshi.com/trade-api/v2/events?status=open&with_nested_markets=true&limit=200&cursor=CgYI8L322wYSDUtYTUFZT1JDSEktMjc "HTTP/1.1 200 OK"
2026-06-28 07:52:54,358 INFO app: refresh complete: 300 canonical, 271 unified (kalshi=150, polymarket=150)
2026-06-28 07:53:54,969 INFO httpx: HTTP Request: GET https://gamma-api.polymarket.com/markets?active=true&closed=false&limit=100&offset=0&order=volumeNum&ascending=false "HTTP/1.1 200 OK"
2026-06-28 07:53:55,008 INFO httpx: HTTP Request: GET https://gamma-api.polymarket.com/markets?active=true&closed=false&limit=100&offset=100&order=volumeNum&ascending=false "HTTP/1.1 200 OK"
2026-06-28 07:53:55,379 INFO httpx: HTTP Request: GET https://external-api.kalshi.com/trade-api/v2/events?status=open&with_nested_markets=true&limit=200 "HTTP/1.1 200 OK"
2026-06-28 07:53:56,575 INFO httpx: HTTP Request: GET https://external-api.kalshi.com/trade-api/v2/events?status=open&with_nested_markets=true&limit=200&cursor=CgYI8IjS-AYSCEtYSDFCLTI5 "HTTP/1.1 200 OK"
2026-06-28 07:53:57,175 INFO httpx: HTTP Request: GET https://external-api.kalshi.com/trade-api/v2/events?status=open&with_nested_markets=true&limit=200&cursor=CgYI8OXj6AYSEUtYTlZEQUEtMjhKQU5IRUFE "HTTP/1.1 200 OK"
2026-06-28 07:53:57,621 INFO httpx: HTTP Request: GET https://external-api.kalshi.com/trade-api/v2/events?status=open&with_nested_markets=true&limit=200&cursor=CgYI8NSs5gYSFktYTUlEVEVSTVZPVEVUVVJOLVBBMTE "HTTP/1.1 200 OK"
2026-06-28 07:53:58,057 INFO httpx: HTTP Request: GET https://external-api.kalshi.com/trade-api/v2/events?status=open&with_nested_markets=true&limit=200&cursor=CgYI8NSs5gYSFktYTUlEVEVSTVZPVEVUVVJOLUtTMDI "HTTP/1.1 200 OK"
2026-06-28 07:53:58,608 INFO httpx: HTTP Request: GET https://external-api.kalshi.com/trade-api/v2/events?status=open&with_nested_markets=true&limit=200&cursor=CgYI8NSs5gYSEktYTUlEVEVSTU1PVi1XSTAyRA "HTTP/1.1 200 OK"
2026-06-28 07:53:59,383 INFO httpx: HTTP Request: GET https://external-api.kalshi.com/trade-api/v2/events?status=open&with_nested_markets=true&limit=200&cursor=CgYI8NSs5gYSEktYTUlEVEVSTU1PVi1OVjAzUg "HTTP/1.1 200 OK"
2026-06-28 07:54:00,166 INFO httpx: HTTP Request: GET https://external-api.kalshi.com/trade-api/v2/events?status=open&with_nested_markets=true&limit=200&cursor=CgYI8NSs5gYSE0tYTUlEVEVSTU1PVi1HQVNFTkQ "HTTP/1.1 200 OK"
2026-06-28 07:54:01,129 INFO httpx: HTTP Request: GET https://external-api.kalshi.com/trade-api/v2/events?status=open&with_nested_markets=true&limit=200&cursor=CgYI4Inv4AYSHUtYVk9URVBSSU1BUlktTlkxM0QyNkFFU1BBRVNQ "HTTP/1.1 200 OK"
2026-06-28 07:54:02,421 INFO httpx: HTTP Request: GET https://external-api.kalshi.com/trade-api/v2/events?status=open&with_nested_markets=true&limit=200&cursor=CgYI8L322wYSDUtYTUFZT1JDSEktMjc "HTTP/1.1 200 OK"
2026-06-28 07:54:04,003 INFO app: refresh complete: 300 canonical, 271 unified (kalshi=150, polymarket=150)
2026-06-28 07:55:04,392 INFO httpx: HTTP Request: GET https://gamma-api.polymarket.com/markets?active=true&closed=false&limit=100&offset=0&order=volumeNum&ascending=false "HTTP/1.1 200 OK"
2026-06-28 07:55:04,432 INFO httpx: HTTP Request: GET https://gamma-api.polymarket.com/markets?active=true&closed=false&limit=100&offset=100&order=volumeNum&ascending=false "HTTP/1.1 200 OK"
2026-06-28 07:55:04,858 INFO httpx: HTTP Request: GET https://external-api.kalshi.com/trade-api/v2/events?status=open&with_nested_markets=true&limit=200 "HTTP/1.1 200 OK"
2026-06-28 07:55:05,583 INFO httpx: HTTP Request: GET https://external-api.kalshi.com/trade-api/v2/events?status=open&with_nested_markets=true&limit=200&cursor=CgYI8IjS-AYSCEtYSDFCLTI5 "HTTP/1.1 200 OK"
2026-06-28 07:55:06,074 INFO httpx: HTTP Request: GET https://external-api.kalshi.com/trade-api/v2/events?status=open&with_nested_markets=true&limit=200&cursor=CgYI8OXj6AYSEUtYTlZEQUEtMjhKQU5IRUFE "HTTP/1.1 200 OK"
2026-06-28 07:55:06,568 INFO httpx: HTTP Request: GET https://external-api.kalshi.com/trade-api/v2/events?status=open&with_nested_markets=true&limit=200&cursor=CgYI8NSs5gYSFktYTUlEVEVSTVZPVEVUVVJOLVBBMTE "HTTP/1.1 200 OK"
2026-06-28 07:55:06,922 INFO httpx: HTTP Request: GET https://external-api.kalshi.com/trade-api/v2/events?status=open&with_nested_markets=true&limit=200&cursor=CgYI8NSs5gYSFktYTUlEVEVSTVZPVEVUVVJOLUtTMDI "HTTP/1.1 200 OK"
2026-06-28 07:55:07,370 INFO httpx: HTTP Request: GET https://external-api.kalshi.com/trade-api/v2/events?status=open&with_nested_markets=true&limit=200&cursor=CgYI8NSs5gYSEktYTUlEVEVSTU1PVi1XSTAyRA "HTTP/1.1 200 OK"
2026-06-28 07:55:08,157 INFO httpx: HTTP Request: GET https://external-api.kalshi.com/trade-api/v2/events?status=open&with_nested_markets=true&limit=200&cursor=CgYI8NSs5gYSEktYTUlEVEVSTU1PVi1OVjAzUg "HTTP/1.1 200 OK"
2026-06-28 07:55:08,825 INFO httpx: HTTP Request: GET https://external-api.kalshi.com/trade-api/v2/events?status=open&with_nested_markets=true&limit=200&cursor=CgYI8NSs5gYSE0tYTUlEVEVSTU1PVi1HQVNFTkQ "HTTP/1.1 200 OK"
2026-06-28 07:55:09,620 INFO httpx: HTTP Request: GET https://external-api.kalshi.com/trade-api/v2/events?status=open&with_nested_markets=true&limit=200&cursor=CgYI4Inv4AYSHUtYVk9URVBSSU1BUlktTlkxM0QyNkFFU1BBRVNQ "HTTP/1.1 200 OK"
2026-06-28 07:55:10,691 INFO httpx: HTTP Request: GET https://external-api.kalshi.com/trade-api/v2/events?status=open&with_nested_markets=true&limit=200&cursor=CgYI8L322wYSDUtYTUFZT1JDSEktMjc "HTTP/1.1 200 OK"
2026-06-28 07:55:12,058 INFO app: refresh complete: 300 canonical, 271 unified (kalshi=150, polymarket=150)
2026-06-28 07:56:12,481 INFO httpx: HTTP Request: GET https://gamma-api.polymarket.com/markets?active=true&closed=false&limit=100&offset=0&order=volumeNum&ascending=false "HTTP/1.1 200 OK"
2026-06-28 07:56:12,526 INFO httpx: HTTP Request: GET https://gamma-api.polymarket.com/markets?active=true&closed=false&limit=100&offset=100&order=volumeNum&ascending=false "HTTP/1.1 200 OK"
2026-06-28 07:56:12,968 INFO httpx: HTTP Request: GET https://external-api.kalshi.com/trade-api/v2/events?status=open&with_nested_markets=true&limit=200 "HTTP/1.1 200 OK"
2026-06-28 07:56:13,648 INFO httpx: HTTP Request: GET https://external-api.kalshi.com/trade-api/v2/events?status=open&with_nested_markets=true&limit=200&cursor=CgYI8IjS-AYSCEtYSDFCLTI5 "HTTP/1.1 200 OK"
2026-06-28 07:56:14,933 INFO httpx: HTTP Request: GET https://external-api.kalshi.com/trade-api/v2/events?status=open&with_nested_markets=true&limit=200&cursor=CgYI8OXj6AYSEUtYTlZEQUEtMjhKQU5IRUFE "HTTP/1.1 200 OK"
2026-06-28 07:56:16,271 INFO httpx: HTTP Request: GET https://external-api.kalshi.com/trade-api/v2/events?status=open&with_nested_markets=true&limit=200&cursor=CgYI8NSs5gYSFktYTUlEVEVSTVZPVEVUVVJOLVBBMTE "HTTP/1.1 200 OK"
2026-06-28 07:56:17,570 INFO httpx: HTTP Request: GET https://external-api.kalshi.com/trade-api/v2/events?status=open&with_nested_markets=true&limit=200&cursor=CgYI8NSs5gYSFktYTUlEVEVSTVZPVEVUVVJOLUtTMDI "HTTP/1.1 200 OK"
2026-06-28 07:56:18,165 INFO httpx: HTTP Request: GET https://external-api.kalshi.com/trade-api/v2/events?status=open&with_nested_markets=true&limit=200&cursor=CgYI8NSs5gYSEktYTUlEVEVSTU1PVi1XSTAyRA "HTTP/1.1 200 OK"
2026-06-28 07:56:18,941 INFO httpx: HTTP Request: GET https://external-api.kalshi.com/trade-api/v2/events?status=open&with_nested_markets=true&limit=200&cursor=CgYI8NSs5gYSEktYTUlEVEVSTU1PVi1OVjAzUg "HTTP/1.1 200 OK"
2026-06-28 07:56:19,656 INFO httpx: HTTP Request: GET https://external-api.kalshi.com/trade-api/v2/events?status=open&with_nested_markets=true&limit=200&cursor=CgYI8NSs5gYSE0tYTUlEVEVSTU1PVi1HQVNFTkQ "HTTP/1.1 200 OK"
2026-06-28 07:56:20,356 INFO httpx: HTTP Request: GET https://external-api.kalshi.com/trade-api/v2/events?status=open&with_nested_markets=true&limit=200&cursor=CgYI4Inv4AYSHUtYVk9URVBSSU1BUlktTlkxM0QyNkFFU1BBRVNQ "HTTP/1.1 200 OK"
2026-06-28 07:56:21,656 INFO httpx: HTTP Request: GET https://external-api.kalshi.com/trade-api/v2/events?status=open&with_nested_markets=true&limit=200&cursor=CgYI8L322wYSDUtYTUFZT1JDSEktMjc "HTTP/1.1 200 OK"
2026-06-28 07:56:23,107 INFO app: refresh complete: 300 canonical, 271 unified (kalshi=150, polymarket=150)
2026-06-28 07:57:23,500 INFO httpx: HTTP Request: GET https://gamma-api.polymarket.com/markets?active=true&closed=false&limit=100&offset=0&order=volumeNum&ascending=false "HTTP/1.1 200 OK"
2026-06-28 07:57:23,542 INFO httpx: HTTP Request: GET https://gamma-api.polymarket.com/markets?active=true&closed=false&limit=100&offset=100&order=volumeNum&ascending=false "HTTP/1.1 200 OK"
2026-06-28 07:57:24,023 INFO httpx: HTTP Request: GET https://external-api.kalshi.com/trade-api/v2/events?status=open&with_nested_markets=true&limit=200 "HTTP/1.1 200 OK"
2026-06-28 07:57:24,773 INFO httpx: HTTP Request: GET https://external-api.kalshi.com/trade-api/v2/events?status=open&with_nested_markets=true&limit=200&cursor=CgYI8IjS-AYSCEtYSDFCLTI5 "HTTP/1.1 200 OK"
2026-06-28 07:57:25,217 INFO httpx: HTTP Request: GET https://external-api.kalshi.com/trade-api/v2/events?status=open&with_nested_markets=true&limit=200&cursor=CgYI8OXj6AYSEUtYTlZEQUEtMjhKQU5IRUFE "HTTP/1.1 200 OK"
2026-06-28 07:57:25,716 INFO httpx: HTTP Request: GET https://external-api.kalshi.com/trade-api/v2/events?status=open&with_nested_markets=true&limit=200&cursor=CgYI8NSs5gYSFktYTUlEVEVSTVZPVEVUVVJOLVBBMTE "HTTP/1.1 200 OK"
2026-06-28 07:57:26,114 INFO httpx: HTTP Request: GET https://external-api.kalshi.com/trade-api/v2/events?status=open&with_nested_markets=true&limit=200&cursor=CgYI8NSs5gYSFktYTUlEVEVSTVZPVEVUVVJOLUtTMDI "HTTP/1.1 200 OK"
2026-06-28 07:57:26,538 INFO httpx: HTTP Request: GET https://external-api.kalshi.com/trade-api/v2/events?status=open&with_nested_markets=true&limit=200&cursor=CgYI8NSs5gYSEktYTUlEVEVSTU1PVi1XSTAyRA "HTTP/1.1 200 OK"
2026-06-28 07:57:27,284 INFO httpx: HTTP Request: GET https://external-api.kalshi.com/trade-api/v2/events?status=open&with_nested_markets=true&limit=200&cursor=CgYI8NSs5gYSEktYTUlEVEVSTU1PVi1OVjAzUg "HTTP/1.1 200 OK"
2026-06-28 07:57:27,976 INFO httpx: HTTP Request: GET https://external-api.kalshi.com/trade-api/v2/events?status=open&with_nested_markets=true&limit=200&cursor=CgYI8NSs5gYSE0tYTUlEVEVSTU1PVi1HQVNFTkQ "HTTP/1.1 200 OK"
2026-06-28 07:57:28,632 INFO httpx: HTTP Request: GET https://external-api.kalshi.com/trade-api/v2/events?status=open&with_nested_markets=true&limit=200&cursor=CgYI4Inv4AYSHUtYVk9URVBSSU1BUlktTlkxM0QyNkFFU1BBRVNQ "HTTP/1.1 200 OK"
2026-06-28 07:57:29,771 INFO httpx: HTTP Request: GET https://external-api.kalshi.com/trade-api/v2/events?status=open&with_nested_markets=true&limit=200&cursor=CgYI8L322wYSDUtYTUFZT1JDSEktMjc "HTTP/1.1 200 OK"
2026-06-28 07:57:31,212 INFO app: refresh complete: 300 canonical, 271 unified (kalshi=150, polymarket=150)
2026-06-28 07:58:31,627 INFO httpx: HTTP Request: GET https://gamma-api.polymarket.com/markets?active=true&closed=false&limit=100&offset=0&order=volumeNum&ascending=false "HTTP/1.1 200 OK"
2026-06-28 07:58:31,677 INFO httpx: HTTP Request: GET https://gamma-api.polymarket.com/markets?active=true&closed=false&limit=100&offset=100&order=volumeNum&ascending=false "HTTP/1.1 200 OK"
2026-06-28 07:58:32,157 INFO httpx: HTTP Request: GET https://external-api.kalshi.com/trade-api/v2/events?status=open&with_nested_markets=true&limit=200 "HTTP/1.1 200 OK"
2026-06-28 07:58:33,055 INFO httpx: HTTP Request: GET https://external-api.kalshi.com/trade-api/v2/events?status=open&with_nested_markets=true&limit=200&cursor=CgYI8IjS-AYSCEtYSDFCLTI5 "HTTP/1.1 200 OK"
2026-06-28 07:58:33,831 INFO httpx: HTTP Request: GET https://external-api.kalshi.com/trade-api/v2/events?status=open&with_nested_markets=true&limit=200&cursor=CgYI8OXj6AYSEUtYTlZEQUEtMjhKQU5IRUFE "HTTP/1.1 200 OK"
2026-06-28 07:58:34,474 INFO httpx: HTTP Request: GET https://external-api.kalshi.com/trade-api/v2/events?status=open&with_nested_markets=true&limit=200&cursor=CgYI8NSs5gYSFktYTUlEVEVSTVZPVEVUVVJOLVBBMTE "HTTP/1.1 200 OK"
2026-06-28 07:58:34,937 INFO httpx: HTTP Request: GET https://external-api.kalshi.com/trade-api/v2/events?status=open&with_nested_markets=true&limit=200&cursor=CgYI8NSs5gYSFktYTUlEVEVSTVZPVEVUVVJOLUtTMDI "HTTP/1.1 200 OK"
2026-06-28 07:58:35,448 INFO httpx: HTTP Request: GET https://external-api.kalshi.com/trade-api/v2/events?status=open&with_nested_markets=true&limit=200&cursor=CgYI8NSs5gYSEktYTUlEVEVSTU1PVi1XSTAyRA "HTTP/1.1 200 OK"
2026-06-28 07:58:36,185 INFO httpx: HTTP Request: GET https://external-api.kalshi.com/trade-api/v2/events?status=open&with_nested_markets=true&limit=200&cursor=CgYI8NSs5gYSEktYTUlEVEVSTU1PVi1OVjAzUg "HTTP/1.1 200 OK"
2026-06-28 07:58:36,883 INFO httpx: HTTP Request: GET https://external-api.kalshi.com/trade-api/v2/events?status=open&with_nested_markets=true&limit=200&cursor=CgYI8NSs5gYSE0tYTUlEVEVSTU1PVi1HQVNFTkQ "HTTP/1.1 200 OK"
2026-06-28 07:58:37,658 INFO httpx: HTTP Request: GET https://external-api.kalshi.com/trade-api/v2/events?status=open&with_nested_markets=true&limit=200&cursor=CgYI4Inv4AYSHUtYVk9URVBSSU1BUlktTlkxM0QyNkFFU1BBRVNQ "HTTP/1.1 200 OK"
2026-06-28 07:58:38,698 INFO httpx: HTTP Request: GET https://external-api.kalshi.com/trade-api/v2/events?status=open&with_nested_markets=true&limit=200&cursor=CgYI8L322wYSDUtYTUFZT1JDSEktMjc "HTTP/1.1 200 OK"
2026-06-28 07:58:40,039 INFO app: refresh complete: 300 canonical, 271 unified (kalshi=150, polymarket=150)
2026-06-28 07:59:40,432 INFO httpx: HTTP Request: GET https://gamma-api.polymarket.com/markets?active=true&closed=false&limit=100&offset=0&order=volumeNum&ascending=false "HTTP/1.1 200 OK"
2026-06-28 07:59:40,488 INFO httpx: HTTP Request: GET https://gamma-api.polymarket.com/markets?active=true&closed=false&limit=100&offset=100&order=volumeNum&ascending=false "HTTP/1.1 200 OK"
2026-06-28 07:59:40,933 INFO httpx: HTTP Request: GET https://external-api.kalshi.com/trade-api/v2/events?status=open&with_nested_markets=true&limit=200 "HTTP/1.1 200 OK"
2026-06-28 07:59:41,667 INFO httpx: HTTP Request: GET https://external-api.kalshi.com/trade-api/v2/events?status=open&with_nested_markets=true&limit=200&cursor=CgYI8IjS-AYSCEtYSDFCLTI5 "HTTP/1.1 200 OK"
2026-06-28 07:59:42,275 INFO httpx: HTTP Request: GET https://external-api.kalshi.com/trade-api/v2/events?status=open&with_nested_markets=true&limit=200&cursor=CgYI8OXj6AYSEUtYTlZEQUEtMjhKQU5IRUFE "HTTP/1.1 200 OK"
2026-06-28 07:59:43,144 INFO httpx: HTTP Request: GET https://external-api.kalshi.com/trade-api/v2/events?status=open&with_nested_markets=true&limit=200&cursor=CgYI8NSs5gYSFktYTUlEVEVSTVZPVEVUVVJOLVBBMTE "HTTP/1.1 200 OK"
2026-06-28 07:59:43,750 INFO httpx: HTTP Request: GET https://external-api.kalshi.com/trade-api/v2/events?status=open&with_nested_markets=true&limit=200&cursor=CgYI8NSs5gYSFktYTUlEVEVSTVZPVEVUVVJOLUtTMDI "HTTP/1.1 200 OK"
2026-06-28 07:59:44,380 INFO httpx: HTTP Request: GET https://external-api.kalshi.com/trade-api/v2/events?status=open&with_nested_markets=true&limit=200&cursor=CgYI8NSs5gYSEktYTUlEVEVSTU1PVi1XSTAyRA "HTTP/1.1 200 OK"
2026-06-28 07:59:45,287 INFO httpx: HTTP Request: GET https://external-api.kalshi.com/trade-api/v2/events?status=open&with_nested_markets=true&limit=200&cursor=CgYI8NSs5gYSEktYTUlEVEVSTU1PVi1OVjAzUg "HTTP/1.1 200 OK"
2026-06-28 07:59:46,179 INFO httpx: HTTP Request: GET https://external-api.kalshi.com/trade-api/v2/events?status=open&with_nested_markets=true&limit=200&cursor=CgYI8NSs5gYSE0tYTUlEVEVSTU1PVi1HQVNFTkQ "HTTP/1.1 200 OK"
2026-06-28 07:59:46,999 INFO httpx: HTTP Request: GET https://external-api.kalshi.com/trade-api/v2/events?status=open&with_nested_markets=true&limit=200&cursor=CgYI4Inv4AYSHUtYVk9URVBSSU1BUlktTlkxM0QyNkFFU1BBRVNQ "HTTP/1.1 200 OK"
2026-06-28 07:59:48,000 INFO httpx: HTTP Request: GET https://external-api.kalshi.com/trade-api/v2/events?status=open&with_nested_markets=true&limit=200&cursor=CgYI8L322wYSDUtYTUFZT1JDSEktMjc "HTTP/1.1 200 OK"
2026-06-28 07:59:49,330 INFO app: refresh complete: 300 canonical, 271 unified (kalshi=150, polymarket=150)
2026-06-28 08:00:49,770 INFO httpx: HTTP Request: GET https://gamma-api.polymarket.com/markets?active=true&closed=false&limit=100&offset=0&order=volumeNum&ascending=false "HTTP/1.1 200 OK"
2026-06-28 08:00:49,824 INFO httpx: HTTP Request: GET https://gamma-api.polymarket.com/markets?active=true&closed=false&limit=100&offset=100&order=volumeNum&ascending=false "HTTP/1.1 200 OK"
2026-06-28 08:00:50,230 INFO httpx: HTTP Request: GET https://external-api.kalshi.com/trade-api/v2/events?status=open&with_nested_markets=true&limit=200 "HTTP/1.1 200 OK"
2026-06-28 08:00:50,930 INFO httpx: HTTP Request: GET https://external-api.kalshi.com/trade-api/v2/events?status=open&with_nested_markets=true&limit=200&cursor=CgYI8IjS-AYSCEtYSDFCLTI5 "HTTP/1.1 200 OK"
2026-06-28 08:00:51,850 INFO httpx: HTTP Request: GET https://external-api.kalshi.com/trade-api/v2/events?status=open&with_nested_markets=true&limit=200&cursor=CgYI8OXj6AYSEUtYTlZEQUEtMjhKQU5IRUFE "HTTP/1.1 200 OK"
2026-06-28 08:00:52,658 INFO httpx: HTTP Request: GET https://external-api.kalshi.com/trade-api/v2/events?status=open&with_nested_markets=true&limit=200&cursor=CgYI8NSs5gYSFktYTUlEVEVSTVZPVEVUVVJOLVBBMTE "HTTP/1.1 200 OK"
2026-06-28 08:00:53,563 INFO httpx: HTTP Request: GET https://external-api.kalshi.com/trade-api/v2/events?status=open&with_nested_markets=true&limit=200&cursor=CgYI8NSs5gYSFktYTUlEVEVSTVZPVEVUVVJOLUtTMDI "HTTP/1.1 200 OK"
2026-06-28 08:00:54,033 INFO httpx: HTTP Request: GET https://external-api.kalshi.com/trade-api/v2/events?status=open&with_nested_markets=true&limit=200&cursor=CgYI8NSs5gYSEktYTUlEVEVSTU1PVi1XSTAyRA "HTTP/1.1 200 OK"
2026-06-28 08:00:55,133 INFO httpx: HTTP Request: GET https://external-api.kalshi.com/trade-api/v2/events?status=open&with_nested_markets=true&limit=200&cursor=CgYI8NSs5gYSEktYTUlEVEVSTU1PVi1OVjAzUg "HTTP/1.1 200 OK"
2026-06-28 08:00:56,125 INFO httpx: HTTP Request: GET https://external-api.kalshi.com/trade-api/v2/events?status=open&with_nested_markets=true&limit=200&cursor=CgYI8NSs5gYSE0tYTUlEVEVSTU1PVi1HQVNFTkQ "HTTP/1.1 200 OK"
2026-06-28 08:00:57,016 INFO httpx: HTTP Request: GET https://external-api.kalshi.com/trade-api/v2/events?status=open&with_nested_markets=true&limit=200&cursor=CgYI4Inv4AYSHUtYVk9URVBSSU1BUlktTlkxM0QyNkFFU1BBRVNQ "HTTP/1.1 200 OK"
2026-06-28 08:00:58,220 INFO httpx: HTTP Request: GET https://external-api.kalshi.com/trade-api/v2/events?status=open&with_nested_markets=true&limit=200&cursor=CgYI8L322wYSDUtYTUFZT1JDSEktMjc "HTTP/1.1 200 OK"
2026-06-28 08:00:59,720 INFO app: refresh complete: 300 canonical, 271 unified (kalshi=150, polymarket=150)
2026-06-28 08:02:00,116 INFO httpx: HTTP Request: GET https://gamma-api.polymarket.com/markets?active=true&closed=false&limit=100&offset=0&order=volumeNum&ascending=false "HTTP/1.1 200 OK"
2026-06-28 08:02:00,162 INFO httpx: HTTP Request: GET https://gamma-api.polymarket.com/markets?active=true&closed=false&limit=100&offset=100&order=volumeNum&ascending=false "HTTP/1.1 200 OK"
2026-06-28 08:02:00,625 INFO httpx: HTTP Request: GET https://external-api.kalshi.com/trade-api/v2/events?status=open&with_nested_markets=true&limit=200 "HTTP/1.1 200 OK"
2026-06-28 08:02:01,680 INFO httpx: HTTP Request: GET https://external-api.kalshi.com/trade-api/v2/events?status=open&with_nested_markets=true&limit=200&cursor=CgYI8IjS-AYSCEtYSDFCLTI5 "HTTP/1.1 200 OK"
2026-06-28 08:02:02,626 INFO httpx: HTTP Request: GET https://external-api.kalshi.com/trade-api/v2/events?status=open&with_nested_markets=true&limit=200&cursor=CgYI8OXj6AYSEUtYTlZEQUEtMjhKQU5IRUFE "HTTP/1.1 200 OK"
2026-06-28 08:02:03,300 INFO httpx: HTTP Request: GET https://external-api.kalshi.com/trade-api/v2/events?status=open&with_nested_markets=true&limit=200&cursor=CgYI8NSs5gYSFktYTUlEVEVSTVZPVEVUVVJOLVBBMTE "HTTP/1.1 200 OK"
2026-06-28 08:02:03,823 INFO httpx: HTTP Request: GET https://external-api.kalshi.com/trade-api/v2/events?status=open&with_nested_markets=true&limit=200&cursor=CgYI8NSs5gYSFktYTUlEVEVSTVZPVEVUVVJOLUtTMDI "HTTP/1.1 200 OK"
2026-06-28 08:02:04,431 INFO httpx: HTTP Request: GET https://external-api.kalshi.com/trade-api/v2/events?status=open&with_nested_markets=true&limit=200&cursor=CgYI8NSs5gYSEktYTUlEVEVSTU1PVi1XSTAyRA "HTTP/1.1 200 OK"
2026-06-28 08:02:05,383 INFO httpx: HTTP Request: GET https://external-api.kalshi.com/trade-api/v2/events?status=open&with_nested_markets=true&limit=200&cursor=CgYI8NSs5gYSEktYTUlEVEVSTU1PVi1OVjAzUg "HTTP/1.1 200 OK"
2026-06-28 08:02:06,306 INFO httpx: HTTP Request: GET https://external-api.kalshi.com/trade-api/v2/events?status=open&with_nested_markets=true&limit=200&cursor=CgYI8NSs5gYSE0tYTUlEVEVSTU1PVi1HQVNFTkQ "HTTP/1.1 200 OK"
2026-06-28 08:02:07,436 INFO httpx: HTTP Request: GET https://external-api.kalshi.com/trade-api/v2/events?status=open&with_nested_markets=true&limit=200&cursor=CgYI4Inv4AYSHUtYVk9URVBSSU1BUlktTlkxM0QyNkFFU1BBRVNQ "HTTP/1.1 200 OK"
2026-06-28 08:02:09,009 INFO httpx: HTTP Request: GET https://external-api.kalshi.com/trade-api/v2/events?status=open&with_nested_markets=true&limit=200&cursor=CgYI8L322wYSDUtYTUFZT1JDSEktMjc "HTTP/1.1 200 OK"
2026-06-28 08:02:11,327 INFO app: refresh complete: 300 canonical, 271 unified (kalshi=150, polymarket=150)
2026-06-28 08:03:11,750 INFO httpx: HTTP Request: GET https://gamma-api.polymarket.com/markets?active=true&closed=false&limit=100&offset=0&order=volumeNum&ascending=false "HTTP/1.1 200 OK"
2026-06-28 08:03:11,791 INFO httpx: HTTP Request: GET https://gamma-api.polymarket.com/markets?active=true&closed=false&limit=100&offset=100&order=volumeNum&ascending=false "HTTP/1.1 200 OK"
2026-06-28 08:03:12,346 INFO httpx: HTTP Request: GET https://external-api.kalshi.com/trade-api/v2/events?status=open&with_nested_markets=true&limit=200 "HTTP/1.1 200 OK"
2026-06-28 08:03:13,389 INFO httpx: HTTP Request: GET https://external-api.kalshi.com/trade-api/v2/events?status=open&with_nested_markets=true&limit=200&cursor=CgYI8IjS-AYSCEtYSDFCLTI5 "HTTP/1.1 200 OK"
2026-06-28 08:03:13,808 INFO httpx: HTTP Request: GET https://external-api.kalshi.com/trade-api/v2/events?status=open&with_nested_markets=true&limit=200&cursor=CgYI8OXj6AYSEUtYTlZEQUEtMjhKQU5IRUFE "HTTP/1.1 200 OK"
2026-06-28 08:03:15,279 INFO httpx: HTTP Request: GET https://external-api.kalshi.com/trade-api/v2/events?status=open&with_nested_markets=true&limit=200&cursor=CgYI8NSs5gYSFktYTUlEVEVSTVZPVEVUVVJOLVBBMTE "HTTP/1.1 200 OK"
2026-06-28 08:03:15,899 INFO httpx: HTTP Request: GET https://external-api.kalshi.com/trade-api/v2/events?status=open&with_nested_markets=true&limit=200&cursor=CgYI8NSs5gYSFktYTUlEVEVSTVZPVEVUVVJOLUtTMDI "HTTP/1.1 200 OK"
2026-06-28 08:03:16,627 INFO httpx: HTTP Request: GET https://external-api.kalshi.com/trade-api/v2/events?status=open&with_nested_markets=true&limit=200&cursor=CgYI8NSs5gYSEktYTUlEVEVSTU1PVi1XSTAyRA "HTTP/1.1 200 OK"
2026-06-28 08:03:17,615 INFO httpx: HTTP Request: GET https://external-api.kalshi.com/trade-api/v2/events?status=open&with_nested_markets=true&limit=200&cursor=CgYI8NSs5gYSEktYTUlEVEVSTU1PVi1OVjAzUg "HTTP/1.1 200 OK"
2026-06-28 08:03:18,791 INFO httpx: HTTP Request: GET https://external-api.kalshi.com/trade-api/v2/events?status=open&with_nested_markets=true&limit=200&cursor=CgYI8NSs5gYSE0tYTUlEVEVSTU1PVi1HQVNFTkQ "HTTP/1.1 200 OK"
2026-06-28 08:03:20,000 INFO httpx: HTTP Request: GET https://external-api.kalshi.com/trade-api/v2/events?status=open&with_nested_markets=true&limit=200&cursor=CgYI4Inv4AYSHUtYVk9URVBSSU1BUlktTlkxM0QyNkFFU1BBRVNQ "HTTP/1.1 200 OK"
2026-06-28 08:03:21,437 INFO httpx: HTTP Request: GET https://external-api.kalshi.com/trade-api/v2/events?status=open&with_nested_markets=true&limit=200&cursor=CgYI8L322wYSDUtYTUFZT1JDSEktMjc "HTTP/1.1 200 OK"
2026-06-28 08:03:23,095 INFO app: refresh complete: 300 canonical, 271 unified (kalshi=150, polymarket=150)
2026-06-28 08:04:16,112 INFO httpx: HTTP Request: GET https://data.alpaca.markets/v2/stocks/SPY/snapshot "HTTP/1.1 200 OK"
2026-06-28 08:04:16,187 INFO httpx: HTTP Request: GET https://data.alpaca.markets/v2/stocks/LMT/snapshot "HTTP/1.1 200 OK"
2026-06-28 08:04:16,740 INFO httpx: HTTP Request: GET https://data.alpaca.markets/v2/stocks/LMT/snapshot "HTTP/1.1 200 OK"
2026-06-28 08:04:16,805 INFO httpx: HTTP Request: GET https://data.alpaca.markets/v2/stocks/SPY/snapshot "HTTP/1.1 200 OK"
2026-06-28 08:04:20,802 INFO httpx: HTTP Request: GET https://data.alpaca.markets/v2/stocks/SPY/snapshot "HTTP/1.1 200 OK"
2026-06-28 08:04:21,186 INFO httpx: HTTP Request: GET https://data.alpaca.markets/v2/stocks/LMT/snapshot "HTTP/1.1 200 OK"
2026-06-28 08:04:21,407 INFO httpx: HTTP Request: GET https://data.alpaca.markets/v2/stocks/LMT/snapshot "HTTP/1.1 200 OK"
2026-06-28 08:04:21,773 INFO httpx: HTTP Request: GET https://data.alpaca.markets/v2/stocks/SPY/snapshot "HTTP/1.1 200 OK"
2026-06-28 08:04:23,711 INFO httpx: HTTP Request: GET https://gamma-api.polymarket.com/markets?active=true&closed=false&limit=100&offset=0&order=volumeNum&ascending=false "HTTP/1.1 200 OK"
2026-06-28 08:04:23,758 INFO httpx: HTTP Request: GET https://gamma-api.polymarket.com/markets?active=true&closed=false&limit=100&offset=100&order=volumeNum&ascending=false "HTTP/1.1 200 OK"
2026-06-28 08:04:24,234 INFO httpx: HTTP Request: GET https://external-api.kalshi.com/trade-api/v2/events?status=open&with_nested_markets=true&limit=200 "HTTP/1.1 200 OK"
2026-06-28 08:04:25,125 INFO httpx: HTTP Request: GET https://external-api.kalshi.com/trade-api/v2/events?status=open&with_nested_markets=true&limit=200&cursor=CgYI8IjS-AYSCEtYSDFCLTI5 "HTTP/1.1 200 OK"
2026-06-28 08:04:25,969 INFO httpx: HTTP Request: GET https://external-api.kalshi.com/trade-api/v2/events?status=open&with_nested_markets=true&limit=200&cursor=CgYI8OXj6AYSEUtYTlZEQUEtMjhKQU5IRUFE "HTTP/1.1 200 OK"
2026-06-28 08:04:26,550 INFO httpx: HTTP Request: GET https://external-api.kalshi.com/trade-api/v2/events?status=open&with_nested_markets=true&limit=200&cursor=CgYI8NSs5gYSFktYTUlEVEVSTVZPVEVUVVJOLVBBMTE "HTTP/1.1 200 OK"
2026-06-28 08:04:27,083 INFO httpx: HTTP Request: GET https://external-api.kalshi.com/trade-api/v2/events?status=open&with_nested_markets=true&limit=200&cursor=CgYI8NSs5gYSFktYTUlEVEVSTVZPVEVUVVJOLUtTMDI "HTTP/1.1 200 OK"
2026-06-28 08:04:27,756 INFO httpx: HTTP Request: GET https://external-api.kalshi.com/trade-api/v2/events?status=open&with_nested_markets=true&limit=200&cursor=CgYI8NSs5gYSEktYTUlEVEVSTU1PVi1XSTAyRA "HTTP/1.1 200 OK"
2026-06-28 08:04:28,758 INFO httpx: HTTP Request: GET https://external-api.kalshi.com/trade-api/v2/events?status=open&with_nested_markets=true&limit=200&cursor=CgYI8NSs5gYSEktYTUlEVEVSTU1PVi1OVjAzUg "HTTP/1.1 200 OK"
2026-06-28 08:04:29,788 INFO httpx: HTTP Request: GET https://external-api.kalshi.com/trade-api/v2/events?status=open&with_nested_markets=true&limit=200&cursor=CgYI8NSs5gYSE0tYTUlEVEVSTU1PVi1HQVNFTkQ "HTTP/1.1 200 OK"
2026-06-28 08:04:30,734 INFO httpx: HTTP Request: GET https://external-api.kalshi.com/trade-api/v2/events?status=open&with_nested_markets=true&limit=200&cursor=CgYI4Inv4AYSHUtYVk9URVBSSU1BUlktTlkxM0QyNkFFU1BBRVNQ "HTTP/1.1 200 OK"
2026-06-28 08:04:31,981 INFO httpx: HTTP Request: GET https://external-api.kalshi.com/trade-api/v2/events?status=open&with_nested_markets=true&limit=200&cursor=CgYI8L322wYSDUtYTUFZT1JDSEktMjc "HTTP/1.1 200 OK"
2026-06-28 08:04:33,933 INFO app: refresh complete: 300 canonical, 271 unified (kalshi=150, polymarket=150)
2026-06-28 08:05:34,364 INFO httpx: HTTP Request: GET https://gamma-api.polymarket.com/markets?active=true&closed=false&limit=100&offset=0&order=volumeNum&ascending=false "HTTP/1.1 200 OK"
2026-06-28 08:05:34,409 INFO httpx: HTTP Request: GET https://gamma-api.polymarket.com/markets?active=true&closed=false&limit=100&offset=100&order=volumeNum&ascending=false "HTTP/1.1 200 OK"
2026-06-28 08:05:34,646 INFO httpx: HTTP Request: GET https://external-api.kalshi.com/trade-api/v2/events?status=open&with_nested_markets=true&limit=200 "HTTP/1.1 200 OK"
2026-06-28 08:05:35,563 INFO httpx: HTTP Request: GET https://external-api.kalshi.com/trade-api/v2/events?status=open&with_nested_markets=true&limit=200&cursor=CgYI8IjS-AYSCEtYSDFCLTI5 "HTTP/1.1 200 OK"
2026-06-28 08:05:36,146 INFO httpx: HTTP Request: GET https://external-api.kalshi.com/trade-api/v2/events?status=open&with_nested_markets=true&limit=200&cursor=CgYI8OXj6AYSEUtYTlZEQUEtMjhKQU5IRUFE "HTTP/1.1 200 OK"
2026-06-28 08:05:37,045 INFO httpx: HTTP Request: GET https://external-api.kalshi.com/trade-api/v2/events?status=open&with_nested_markets=true&limit=200&cursor=CgYI8NSs5gYSFktYTUlEVEVSTVZPVEVUVVJOLVBBMTE "HTTP/1.1 200 OK"
2026-06-28 08:05:37,613 INFO httpx: HTTP Request: GET https://external-api.kalshi.com/trade-api/v2/events?status=open&with_nested_markets=true&limit=200&cursor=CgYI8NSs5gYSFktYTUlEVEVSTVZPVEVUVVJOLUtTMDI "HTTP/1.1 200 OK"
2026-06-28 08:05:38,218 INFO httpx: HTTP Request: GET https://external-api.kalshi.com/trade-api/v2/events?status=open&with_nested_markets=true&limit=200&cursor=CgYI8NSs5gYSEktYTUlEVEVSTU1PVi1XSTAyRA "HTTP/1.1 200 OK"
2026-06-28 08:05:39,069 INFO httpx: HTTP Request: GET https://external-api.kalshi.com/trade-api/v2/events?status=open&with_nested_markets=true&limit=200&cursor=CgYI8NSs5gYSEktYTUlEVEVSTU1PVi1OVjAzUg "HTTP/1.1 200 OK"
2026-06-28 08:05:39,878 INFO httpx: HTTP Request: GET https://external-api.kalshi.com/trade-api/v2/events?status=open&with_nested_markets=true&limit=200&cursor=CgYI8NSs5gYSE0tYTUlEVEVSTU1PVi1HQVNFTkQ "HTTP/1.1 200 OK"
2026-06-28 08:05:40,622 INFO httpx: HTTP Request: GET https://external-api.kalshi.com/trade-api/v2/events?status=open&with_nested_markets=true&limit=200&cursor=CgYI4Inv4AYSHUtYVk9URVBSSU1BUlktTlkxM0QyNkFFU1BBRVNQ "HTTP/1.1 200 OK"
2026-06-28 08:05:41,966 INFO httpx: HTTP Request: GET https://external-api.kalshi.com/trade-api/v2/events?status=open&with_nested_markets=true&limit=200&cursor=CgYI8L322wYSDUtYTUFZT1JDSEktMjc "HTTP/1.1 200 OK"
2026-06-28 08:05:44,051 INFO app: refresh complete: 300 canonical, 271 unified (kalshi=150, polymarket=150)
2026-06-28 08:05:44,842 INFO httpx: HTTP Request: GET https://data.alpaca.markets/v2/stocks/SPY/snapshot "HTTP/1.1 200 OK"
2026-06-28 08:05:44,900 INFO httpx: HTTP Request: GET https://data.alpaca.markets/v2/stocks/LMT/snapshot "HTTP/1.1 200 OK"
2026-06-28 08:05:45,491 INFO httpx: HTTP Request: GET https://data.alpaca.markets/v2/stocks/LMT/snapshot "HTTP/1.1 200 OK"
2026-06-28 08:05:45,604 INFO httpx: HTTP Request: GET https://data.alpaca.markets/v2/stocks/SPY/snapshot "HTTP/1.1 200 OK"
2026-06-28 08:05:46,098 INFO httpx: HTTP Request: GET https://data.alpaca.markets/v2/stocks/SPY/snapshot "HTTP/1.1 200 OK"
2026-06-28 08:05:46,292 INFO httpx: HTTP Request: GET https://data.alpaca.markets/v2/stocks/LMT/snapshot "HTTP/1.1 200 OK"
2026-06-28 08:05:46,694 INFO httpx: HTTP Request: GET https://data.alpaca.markets/v2/stocks/LMT/snapshot "HTTP/1.1 200 OK"
2026-06-28 08:05:46,906 INFO httpx: HTTP Request: GET https://data.alpaca.markets/v2/stocks/SPY/snapshot "HTTP/1.1 200 OK"
2026-06-28 08:06:16,190 INFO httpx: HTTP Request: GET https://data.alpaca.markets/v2/stocks/SPY/snapshot "HTTP/1.1 200 OK"
2026-06-28 08:06:16,207 INFO httpx: HTTP Request: GET https://data.alpaca.markets/v2/stocks/LMT/snapshot "HTTP/1.1 200 OK"
2026-06-28 08:06:16,840 INFO httpx: HTTP Request: GET https://data.alpaca.markets/v2/stocks/SPY/snapshot "HTTP/1.1 200 OK"
2026-06-28 08:06:16,849 INFO httpx: HTTP Request: GET https://data.alpaca.markets/v2/stocks/LMT/snapshot "HTTP/1.1 200 OK"
2026-06-28 08:06:17,516 INFO httpx: HTTP Request: GET https://data.alpaca.markets/v2/stocks/LMT/snapshot "HTTP/1.1 200 OK"
2026-06-28 08:06:17,516 INFO httpx: HTTP Request: GET https://data.alpaca.markets/v2/stocks/SPY/snapshot "HTTP/1.1 200 OK"
2026-06-28 08:06:18,140 INFO httpx: HTTP Request: GET https://data.alpaca.markets/v2/stocks/SPY/snapshot "HTTP/1.1 200 OK"
2026-06-28 08:06:18,153 INFO httpx: HTTP Request: GET https://data.alpaca.markets/v2/stocks/LMT/snapshot "HTTP/1.1 200 OK"
2026-06-28 08:06:29,488 INFO httpx: HTTP Request: GET https://data.alpaca.markets/v2/stocks/SPY/snapshot "HTTP/1.1 200 OK"
2026-06-28 08:06:29,588 INFO httpx: HTTP Request: GET https://data.alpaca.markets/v2/stocks/LMT/snapshot "HTTP/1.1 200 OK"
2026-06-28 08:06:30,111 INFO httpx: HTTP Request: GET https://data.alpaca.markets/v2/stocks/LMT/snapshot "HTTP/1.1 200 OK"
2026-06-28 08:06:30,195 INFO httpx: HTTP Request: GET https://data.alpaca.markets/v2/stocks/SPY/snapshot "HTTP/1.1 200 OK"
2026-06-28 08:06:30,774 INFO httpx: HTTP Request: GET https://data.alpaca.markets/v2/stocks/SPY/snapshot "HTTP/1.1 200 OK"
2026-06-28 08:06:30,849 INFO httpx: HTTP Request: GET https://data.alpaca.markets/v2/stocks/LMT/snapshot "HTTP/1.1 200 OK"
2026-06-28 08:06:31,412 INFO httpx: HTTP Request: GET https://data.alpaca.markets/v2/stocks/LMT/snapshot "HTTP/1.1 200 OK"
2026-06-28 08:06:31,499 INFO httpx: HTTP Request: GET https://data.alpaca.markets/v2/stocks/SPY/snapshot "HTTP/1.1 200 OK"
2026-06-28 08:06:44,478 INFO httpx: HTTP Request: GET https://gamma-api.polymarket.com/markets?active=true&closed=false&limit=100&offset=0&order=volumeNum&ascending=false "HTTP/1.1 200 OK"
2026-06-28 08:06:44,526 INFO httpx: HTTP Request: GET https://gamma-api.polymarket.com/markets?active=true&closed=false&limit=100&offset=100&order=volumeNum&ascending=false "HTTP/1.1 200 OK"
2026-06-28 08:06:44,936 INFO httpx: HTTP Request: GET https://external-api.kalshi.com/trade-api/v2/events?status=open&with_nested_markets=true&limit=200 "HTTP/1.1 200 OK"
2026-06-28 08:06:45,584 INFO httpx: HTTP Request: GET https://external-api.kalshi.com/trade-api/v2/events?status=open&with_nested_markets=true&limit=200&cursor=CgYI8IjS-AYSCEtYSDFCLTI5 "HTTP/1.1 200 OK"
2026-06-28 08:06:46,603 INFO httpx: HTTP Request: GET https://external-api.kalshi.com/trade-api/v2/events?status=open&with_nested_markets=true&limit=200&cursor=CgYI8OXj6AYSEUtYTlZEQUEtMjhKQU5IRUFE "HTTP/1.1 200 OK"
2026-06-28 08:06:47,989 INFO httpx: HTTP Request: GET https://external-api.kalshi.com/trade-api/v2/events?status=open&with_nested_markets=true&limit=200&cursor=CgYI8NSs5gYSFktYTUlEVEVSTVZPVEVUVVJOLVBBMTE "HTTP/1.1 200 OK"
2026-06-28 08:06:48,830 INFO httpx: HTTP Request: GET https://external-api.kalshi.com/trade-api/v2/events?status=open&with_nested_markets=true&limit=200&cursor=CgYI8NSs5gYSFktYTUlEVEVSTVZPVEVUVVJOLUtTMDI "HTTP/1.1 200 OK"
2026-06-28 08:06:49,944 INFO httpx: HTTP Request: GET https://external-api.kalshi.com/trade-api/v2/events?status=open&with_nested_markets=true&limit=200&cursor=CgYI8NSs5gYSEktYTUlEVEVSTU1PVi1XSTAyRA "HTTP/1.1 200 OK"
2026-06-28 08:06:50,808 INFO httpx: HTTP Request: GET https://external-api.kalshi.com/trade-api/v2/events?status=open&with_nested_markets=true&limit=200&cursor=CgYI8NSs5gYSEktYTUlEVEVSTU1PVi1OVjAzUg "HTTP/1.1 200 OK"
2026-06-28 08:06:51,624 INFO httpx: HTTP Request: GET https://external-api.kalshi.com/trade-api/v2/events?status=open&with_nested_markets=true&limit=200&cursor=CgYI8NSs5gYSE0tYTUlEVEVSTU1PVi1HQVNFTkQ "HTTP/1.1 200 OK"
2026-06-28 08:06:52,422 INFO httpx: HTTP Request: GET https://external-api.kalshi.com/trade-api/v2/events?status=open&with_nested_markets=true&limit=200&cursor=CgYI4Inv4AYSHUtYVk9URVBSSU1BUlktTlkxM0QyNkFFU1BBRVNQ "HTTP/1.1 200 OK"
2026-06-28 08:06:53,674 INFO httpx: HTTP Request: GET https://external-api.kalshi.com/trade-api/v2/events?status=open&with_nested_markets=true&limit=200&cursor=CgYI8L322wYSDUtYTUFZT1JDSEktMjc "HTTP/1.1 200 OK"
2026-06-28 08:06:55,179 INFO app: refresh complete: 300 canonical, 271 unified (kalshi=150, polymarket=150)
2026-06-28 08:07:55,603 INFO httpx: HTTP Request: GET https://gamma-api.polymarket.com/markets?active=true&closed=false&limit=100&offset=0&order=volumeNum&ascending=false "HTTP/1.1 200 OK"
2026-06-28 08:07:55,641 INFO httpx: HTTP Request: GET https://gamma-api.polymarket.com/markets?active=true&closed=false&limit=100&offset=100&order=volumeNum&ascending=false "HTTP/1.1 200 OK"
2026-06-28 08:07:56,099 INFO httpx: HTTP Request: GET https://external-api.kalshi.com/trade-api/v2/events?status=open&with_nested_markets=true&limit=200 "HTTP/1.1 200 OK"
2026-06-28 08:07:56,778 INFO httpx: HTTP Request: GET https://external-api.kalshi.com/trade-api/v2/events?status=open&with_nested_markets=true&limit=200&cursor=CgYI8IjS-AYSCEtYSDFCLTI5 "HTTP/1.1 200 OK"
2026-06-28 08:07:57,158 INFO httpx: HTTP Request: GET https://external-api.kalshi.com/trade-api/v2/events?status=open&with_nested_markets=true&limit=200&cursor=CgYI8OXj6AYSEUtYTlZEQUEtMjhKQU5IRUFE "HTTP/1.1 200 OK"
2026-06-28 08:07:57,622 INFO httpx: HTTP Request: GET https://external-api.kalshi.com/trade-api/v2/events?status=open&with_nested_markets=true&limit=200&cursor=CgYI8NSs5gYSFktYTUlEVEVSTVZPVEVUVVJOLVBBMTE "HTTP/1.1 200 OK"
2026-06-28 08:07:57,992 INFO httpx: HTTP Request: GET https://external-api.kalshi.com/trade-api/v2/events?status=open&with_nested_markets=true&limit=200&cursor=CgYI8NSs5gYSFktYTUlEVEVSTVZPVEVUVVJOLUtTMDI "HTTP/1.1 200 OK"
2026-06-28 08:07:58,460 INFO httpx: HTTP Request: GET https://external-api.kalshi.com/trade-api/v2/events?status=open&with_nested_markets=true&limit=200&cursor=CgYI8NSs5gYSEktYTUlEVEVSTU1PVi1XSTAyRA "HTTP/1.1 200 OK"
2026-06-28 08:07:59,271 INFO httpx: HTTP Request: GET https://external-api.kalshi.com/trade-api/v2/events?status=open&with_nested_markets=true&limit=200&cursor=CgYI8NSs5gYSEktYTUlEVEVSTU1PVi1OVjAzUg "HTTP/1.1 200 OK"
2026-06-28 08:08:00,049 INFO httpx: HTTP Request: GET https://external-api.kalshi.com/trade-api/v2/events?status=open&with_nested_markets=true&limit=200&cursor=CgYI8NSs5gYSE0tYTUlEVEVSTU1PVi1HQVNFTkQ "HTTP/1.1 200 OK"
2026-06-28 08:08:00,849 INFO httpx: HTTP Request: GET https://external-api.kalshi.com/trade-api/v2/events?status=open&with_nested_markets=true&limit=200&cursor=CgYI4Inv4AYSHUtYVk9URVBSSU1BUlktTlkxM0QyNkFFU1BBRVNQ "HTTP/1.1 200 OK"
2026-06-28 08:08:01,864 INFO httpx: HTTP Request: GET https://external-api.kalshi.com/trade-api/v2/events?status=open&with_nested_markets=true&limit=200&cursor=CgYI8L322wYSDUtYTUFZT1JDSEktMjc "HTTP/1.1 200 OK"
2026-06-28 08:08:03,166 INFO app: refresh complete: 300 canonical, 271 unified (kalshi=150, polymarket=150)
2026-06-28 08:09:03,581 INFO httpx: HTTP Request: GET https://gamma-api.polymarket.com/markets?active=true&closed=false&limit=100&offset=0&order=volumeNum&ascending=false "HTTP/1.1 200 OK"
2026-06-28 08:09:03,619 INFO httpx: HTTP Request: GET https://gamma-api.polymarket.com/markets?active=true&closed=false&limit=100&offset=100&order=volumeNum&ascending=false "HTTP/1.1 200 OK"
2026-06-28 08:09:04,085 INFO httpx: HTTP Request: GET https://external-api.kalshi.com/trade-api/v2/events?status=open&with_nested_markets=true&limit=200 "HTTP/1.1 200 OK"
2026-06-28 08:09:04,732 INFO httpx: HTTP Request: GET https://external-api.kalshi.com/trade-api/v2/events?status=open&with_nested_markets=true&limit=200&cursor=CgYI8IjS-AYSCEtYSDFCLTI5 "HTTP/1.1 200 OK"
2026-06-28 08:09:05,364 INFO httpx: HTTP Request: GET https://external-api.kalshi.com/trade-api/v2/events?status=open&with_nested_markets=true&limit=200&cursor=CgYI8OXj6AYSEUtYTlZEQUEtMjhKQU5IRUFE "HTTP/1.1 200 OK"
2026-06-28 08:09:05,959 INFO httpx: HTTP Request: GET https://external-api.kalshi.com/trade-api/v2/events?status=open&with_nested_markets=true&limit=200&cursor=CgYI8NSs5gYSFktYTUlEVEVSTVZPVEVUVVJOLVBBMTE "HTTP/1.1 200 OK"
2026-06-28 08:09:06,621 INFO httpx: HTTP Request: GET https://external-api.kalshi.com/trade-api/v2/events?status=open&with_nested_markets=true&limit=200&cursor=CgYI8NSs5gYSFktYTUlEVEVSTVZPVEVUVVJOLUtTMDI "HTTP/1.1 200 OK"
2026-06-28 08:09:07,094 INFO httpx: HTTP Request: GET https://external-api.kalshi.com/trade-api/v2/events?status=open&with_nested_markets=true&limit=200&cursor=CgYI8NSs5gYSEktYTUlEVEVSTU1PVi1XSTAyRA "HTTP/1.1 200 OK"
2026-06-28 08:09:07,810 INFO httpx: HTTP Request: GET https://external-api.kalshi.com/trade-api/v2/events?status=open&with_nested_markets=true&limit=200&cursor=CgYI8NSs5gYSEktYTUlEVEVSTU1PVi1OVjAzUg "HTTP/1.1 200 OK"
2026-06-28 08:09:08,501 INFO httpx: HTTP Request: GET https://external-api.kalshi.com/trade-api/v2/events?status=open&with_nested_markets=true&limit=200&cursor=CgYI8NSs5gYSE0tYTUlEVEVSTU1PVi1HQVNFTkQ "HTTP/1.1 200 OK"
2026-06-28 08:09:09,214 INFO httpx: HTTP Request: GET https://external-api.kalshi.com/trade-api/v2/events?status=open&with_nested_markets=true&limit=200&cursor=CgYI4Inv4AYSHUtYVk9URVBSSU1BUlktTlkxM0QyNkFFU1BBRVNQ "HTTP/1.1 200 OK"
2026-06-28 08:09:10,306 INFO httpx: HTTP Request: GET https://external-api.kalshi.com/trade-api/v2/events?status=open&with_nested_markets=true&limit=200&cursor=CgYI8L322wYSDUtYTUFZT1JDSEktMjc "HTTP/1.1 200 OK"
2026-06-28 08:09:11,798 INFO app: refresh complete: 300 canonical, 271 unified (kalshi=150, polymarket=150)
2026-06-28 08:10:12,241 INFO httpx: HTTP Request: GET https://gamma-api.polymarket.com/markets?active=true&closed=false&limit=100&offset=0&order=volumeNum&ascending=false "HTTP/1.1 200 OK"
2026-06-28 08:10:12,286 INFO httpx: HTTP Request: GET https://gamma-api.polymarket.com/markets?active=true&closed=false&limit=100&offset=100&order=volumeNum&ascending=false "HTTP/1.1 200 OK"
2026-06-28 08:10:12,734 INFO httpx: HTTP Request: GET https://external-api.kalshi.com/trade-api/v2/events?status=open&with_nested_markets=true&limit=200 "HTTP/1.1 200 OK"
2026-06-28 08:10:13,389 INFO httpx: HTTP Request: GET https://external-api.kalshi.com/trade-api/v2/events?status=open&with_nested_markets=true&limit=200&cursor=CgYI8IjS-AYSCEtYSDFCLTI5 "HTTP/1.1 200 OK"
2026-06-28 08:10:14,524 INFO httpx: HTTP Request: GET https://external-api.kalshi.com/trade-api/v2/events?status=open&with_nested_markets=true&limit=200&cursor=CgYI8OXj6AYSEUtYTlZEQUEtMjhKQU5IRUFE "HTTP/1.1 200 OK"
2026-06-28 08:10:15,715 INFO httpx: HTTP Request: GET https://external-api.kalshi.com/trade-api/v2/events?status=open&with_nested_markets=true&limit=200&cursor=CgYI8NSs5gYSFktYTUlEVEVSTVZPVEVUVVJOLVBBMTE "HTTP/1.1 200 OK"
2026-06-28 08:10:16,531 INFO httpx: HTTP Request: GET https://external-api.kalshi.com/trade-api/v2/events?status=open&with_nested_markets=true&limit=200&cursor=CgYI8NSs5gYSFktYTUlEVEVSTVZPVEVUVVJOLUtTMDI "HTTP/1.1 200 OK"
2026-06-28 08:10:16,956 INFO httpx: HTTP Request: GET https://external-api.kalshi.com/trade-api/v2/events?status=open&with_nested_markets=true&limit=200&cursor=CgYI8NSs5gYSEktYTUlEVEVSTU1PVi1XSTAyRA "HTTP/1.1 200 OK"
2026-06-28 08:10:17,558 INFO httpx: HTTP Request: GET https://external-api.kalshi.com/trade-api/v2/events?status=open&with_nested_markets=true&limit=200&cursor=CgYI8NSs5gYSEktYTUlEVEVSTU1PVi1OVjAzUg "HTTP/1.1 200 OK"
2026-06-28 08:10:18,156 INFO httpx: HTTP Request: GET https://external-api.kalshi.com/trade-api/v2/events?status=open&with_nested_markets=true&limit=200&cursor=CgYI8NSs5gYSE0tYTUlEVEVSTU1PVi1HQVNFTkQ "HTTP/1.1 200 OK"
2026-06-28 08:10:18,889 INFO httpx: HTTP Request: GET https://external-api.kalshi.com/trade-api/v2/events?status=open&with_nested_markets=true&limit=200&cursor=CgYI4Inv4AYSHUtYVk9URVBSSU1BUlktTlkxM0QyNkFFU1BBRVNQ "HTTP/1.1 200 OK"
2026-06-28 08:10:19,968 INFO httpx: HTTP Request: GET https://external-api.kalshi.com/trade-api/v2/events?status=open&with_nested_markets=true&limit=200&cursor=CgYI8L322wYSDUtYTUFZT1JDSEktMjc "HTTP/1.1 200 OK"
2026-06-28 08:10:21,337 INFO app: refresh complete: 300 canonical, 271 unified (kalshi=150, polymarket=150)
2026-06-28 08:11:21,789 INFO httpx: HTTP Request: GET https://gamma-api.polymarket.com/markets?active=true&closed=false&limit=100&offset=0&order=volumeNum&ascending=false "HTTP/1.1 200 OK"
2026-06-28 08:11:21,832 INFO httpx: HTTP Request: GET https://gamma-api.polymarket.com/markets?active=true&closed=false&limit=100&offset=100&order=volumeNum&ascending=false "HTTP/1.1 200 OK"
2026-06-28 08:11:22,290 INFO httpx: HTTP Request: GET https://external-api.kalshi.com/trade-api/v2/events?status=open&with_nested_markets=true&limit=200 "HTTP/1.1 200 OK"
2026-06-28 08:11:22,937 INFO httpx: HTTP Request: GET https://external-api.kalshi.com/trade-api/v2/events?status=open&with_nested_markets=true&limit=200&cursor=CgYI8IjS-AYSCEtYSDFCLTI5 "HTTP/1.1 200 OK"
2026-06-28 08:11:24,105 INFO httpx: HTTP Request: GET https://external-api.kalshi.com/trade-api/v2/events?status=open&with_nested_markets=true&limit=200&cursor=CgYI8OXj6AYSEUtYTlZEQUEtMjhKQU5IRUFE "HTTP/1.1 200 OK"
2026-06-28 08:11:25,299 INFO httpx: HTTP Request: GET https://external-api.kalshi.com/trade-api/v2/events?status=open&with_nested_markets=true&limit=200&cursor=CgYI8NSs5gYSFktYTUlEVEVSTVZPVEVUVVJOLVBBMTE "HTTP/1.1 200 OK"
2026-06-28 08:11:26,473 INFO httpx: HTTP Request: GET https://external-api.kalshi.com/trade-api/v2/events?status=open&with_nested_markets=true&limit=200&cursor=CgYI8NSs5gYSFktYTUlEVEVSTVZPVEVUVVJOLUtTMDI "HTTP/1.1 200 OK"
2026-06-28 08:11:26,877 INFO httpx: HTTP Request: GET https://external-api.kalshi.com/trade-api/v2/events?status=open&with_nested_markets=true&limit=200&cursor=CgYI8NSs5gYSEktYTUlEVEVSTU1PVi1XSTAyRA "HTTP/1.1 200 OK"
2026-06-28 08:11:27,563 INFO httpx: HTTP Request: GET https://external-api.kalshi.com/trade-api/v2/events?status=open&with_nested_markets=true&limit=200&cursor=CgYI8NSs5gYSEktYTUlEVEVSTU1PVi1OVjAzUg "HTTP/1.1 200 OK"
2026-06-28 08:11:28,247 INFO httpx: HTTP Request: GET https://external-api.kalshi.com/trade-api/v2/events?status=open&with_nested_markets=true&limit=200&cursor=CgYI8NSs5gYSE0tYTUlEVEVSTU1PVi1HQVNFTkQ "HTTP/1.1 200 OK"
2026-06-28 08:11:28,963 INFO httpx: HTTP Request: GET https://external-api.kalshi.com/trade-api/v2/events?status=open&with_nested_markets=true&limit=200&cursor=CgYI4Inv4AYSHUtYVk9URVBSSU1BUlktTlkxM0QyNkFFU1BBRVNQ "HTTP/1.1 200 OK"
2026-06-28 08:11:29,865 INFO httpx: HTTP Request: GET https://external-api.kalshi.com/trade-api/v2/events?status=open&with_nested_markets=true&limit=200&cursor=CgYI8L322wYSDUtYTUFZT1JDSEktMjc "HTTP/1.1 200 OK"
2026-06-28 08:11:31,269 INFO app: refresh complete: 300 canonical, 271 unified (kalshi=150, polymarket=150)
2026-06-28 08:12:31,707 INFO httpx: HTTP Request: GET https://gamma-api.polymarket.com/markets?active=true&closed=false&limit=100&offset=0&order=volumeNum&ascending=false "HTTP/1.1 200 OK"
2026-06-28 08:12:31,746 INFO httpx: HTTP Request: GET https://gamma-api.polymarket.com/markets?active=true&closed=false&limit=100&offset=100&order=volumeNum&ascending=false "HTTP/1.1 200 OK"
2026-06-28 08:12:32,204 INFO httpx: HTTP Request: GET https://external-api.kalshi.com/trade-api/v2/events?status=open&with_nested_markets=true&limit=200 "HTTP/1.1 200 OK"
2026-06-28 08:12:32,868 INFO httpx: HTTP Request: GET https://external-api.kalshi.com/trade-api/v2/events?status=open&with_nested_markets=true&limit=200&cursor=CgYI8IjS-AYSCEtYSDFCLTI5 "HTTP/1.1 200 OK"
2026-06-28 08:12:33,836 INFO httpx: HTTP Request: GET https://external-api.kalshi.com/trade-api/v2/events?status=open&with_nested_markets=true&limit=200&cursor=CgYI8OXj6AYSEUtYTlZEQUEtMjhKQU5IRUFE "HTTP/1.1 200 OK"
2026-06-28 08:12:34,792 INFO httpx: HTTP Request: GET https://external-api.kalshi.com/trade-api/v2/events?status=open&with_nested_markets=true&limit=200&cursor=CgYI8NSs5gYSFktYTUlEVEVSTVZPVEVUVVJOLVBBMTE "HTTP/1.1 200 OK"
2026-06-28 08:12:35,477 INFO httpx: HTTP Request: GET https://external-api.kalshi.com/trade-api/v2/events?status=open&with_nested_markets=true&limit=200&cursor=CgYI8NSs5gYSFktYTUlEVEVSTVZPVEVUVVJOLUtTMDI "HTTP/1.1 200 OK"
2026-06-28 08:12:35,969 INFO httpx: HTTP Request: GET https://external-api.kalshi.com/trade-api/v2/events?status=open&with_nested_markets=true&limit=200&cursor=CgYI8NSs5gYSEktYTUlEVEVSTU1PVi1XSTAyRA "HTTP/1.1 200 OK"
2026-06-28 08:12:36,685 INFO httpx: HTTP Request: GET https://external-api.kalshi.com/trade-api/v2/events?status=open&with_nested_markets=true&limit=200&cursor=CgYI8NSs5gYSEktYTUlEVEVSTU1PVi1OVjAzUg "HTTP/1.1 200 OK"
2026-06-28 08:12:37,401 INFO httpx: HTTP Request: GET https://external-api.kalshi.com/trade-api/v2/events?status=open&with_nested_markets=true&limit=200&cursor=CgYI8NSs5gYSE0tYTUlEVEVSTU1PVi1HQVNFTkQ "HTTP/1.1 200 OK"
2026-06-28 08:12:38,122 INFO httpx: HTTP Request: GET https://external-api.kalshi.com/trade-api/v2/events?status=open&with_nested_markets=true&limit=200&cursor=CgYI4Inv4AYSHUtYVk9URVBSSU1BUlktTlkxM0QyNkFFU1BBRVNQ "HTTP/1.1 200 OK"
2026-06-28 08:12:39,112 INFO httpx: HTTP Request: GET https://external-api.kalshi.com/trade-api/v2/events?status=open&with_nested_markets=true&limit=200&cursor=CgYI8L322wYSDUtYTUFZT1JDSEktMjc "HTTP/1.1 200 OK"
2026-06-28 08:12:40,317 INFO app: refresh complete: 300 canonical, 271 unified (kalshi=150, polymarket=150)
2026-06-28 08:13:40,732 INFO httpx: HTTP Request: GET https://gamma-api.polymarket.com/markets?active=true&closed=false&limit=100&offset=0&order=volumeNum&ascending=false "HTTP/1.1 200 OK"
2026-06-28 08:13:40,771 INFO httpx: HTTP Request: GET https://gamma-api.polymarket.com/markets?active=true&closed=false&limit=100&offset=100&order=volumeNum&ascending=false "HTTP/1.1 200 OK"
2026-06-28 08:13:41,216 INFO httpx: HTTP Request: GET https://external-api.kalshi.com/trade-api/v2/events?status=open&with_nested_markets=true&limit=200 "HTTP/1.1 200 OK"
2026-06-28 08:13:41,926 INFO httpx: HTTP Request: GET https://external-api.kalshi.com/trade-api/v2/events?status=open&with_nested_markets=true&limit=200&cursor=CgYI8IjS-AYSCEtYSDFCLTI5 "HTTP/1.1 200 OK"
2026-06-28 08:13:42,504 INFO httpx: HTTP Request: GET https://external-api.kalshi.com/trade-api/v2/events?status=open&with_nested_markets=true&limit=200&cursor=CgYI8OXj6AYSEUtYTlZEQUEtMjhKQU5IRUFE "HTTP/1.1 200 OK"
2026-06-28 08:13:43,257 INFO httpx: HTTP Request: GET https://external-api.kalshi.com/trade-api/v2/events?status=open&with_nested_markets=true&limit=200&cursor=CgYI8NSs5gYSFktYTUlEVEVSTVZPVEVUVVJOLVBBMTE "HTTP/1.1 200 OK"
2026-06-28 08:13:44,664 INFO httpx: HTTP Request: GET https://external-api.kalshi.com/trade-api/v2/events?status=open&with_nested_markets=true&limit=200&cursor=CgYI8NSs5gYSFktYTUlEVEVSTVZPVEVUVVJOLUtTMDI "HTTP/1.1 200 OK"
2026-06-28 08:13:45,455 INFO httpx: HTTP Request: GET https://external-api.kalshi.com/trade-api/v2/events?status=open&with_nested_markets=true&limit=200&cursor=CgYI8NSs5gYSEktYTUlEVEVSTU1PVi1XSTAyRA "HTTP/1.1 200 OK"
2026-06-28 08:13:47,512 INFO httpx: HTTP Request: GET https://external-api.kalshi.com/trade-api/v2/events?status=open&with_nested_markets=true&limit=200&cursor=CgYI8NSs5gYSEktYTUlEVEVSTU1PVi1OVjAzUg "HTTP/1.1 200 OK"
2026-06-28 08:13:48,756 INFO httpx: HTTP Request: GET https://external-api.kalshi.com/trade-api/v2/events?status=open&with_nested_markets=true&limit=200&cursor=CgYI8NSs5gYSE0tYTUlEVEVSTU1PVi1HQVNFTkQ "HTTP/1.1 200 OK"
2026-06-28 08:13:49,745 INFO httpx: HTTP Request: GET https://external-api.kalshi.com/trade-api/v2/events?status=open&with_nested_markets=true&limit=200&cursor=CgYI4Inv4AYSHUtYVk9URVBSSU1BUlktTlkxM0QyNkFFU1BBRVNQ "HTTP/1.1 200 OK"
2026-06-28 08:13:51,005 INFO httpx: HTTP Request: GET https://external-api.kalshi.com/trade-api/v2/events?status=open&with_nested_markets=true&limit=200&cursor=CgYI8L322wYSDUtYTUFZT1JDSEktMjc "HTTP/1.1 200 OK"
2026-06-28 08:13:52,503 INFO app: refresh complete: 300 canonical, 271 unified (kalshi=150, polymarket=150)
2026-06-28 08:14:52,912 INFO httpx: HTTP Request: GET https://gamma-api.polymarket.com/markets?active=true&closed=false&limit=100&offset=0&order=volumeNum&ascending=false "HTTP/1.1 200 OK"
2026-06-28 08:14:52,968 INFO httpx: HTTP Request: GET https://gamma-api.polymarket.com/markets?active=true&closed=false&limit=100&offset=100&order=volumeNum&ascending=false "HTTP/1.1 200 OK"
2026-06-28 08:14:53,379 INFO httpx: HTTP Request: GET https://external-api.kalshi.com/trade-api/v2/events?status=open&with_nested_markets=true&limit=200 "HTTP/1.1 200 OK"
2026-06-28 08:14:54,114 INFO httpx: HTTP Request: GET https://external-api.kalshi.com/trade-api/v2/events?status=open&with_nested_markets=true&limit=200&cursor=CgYI8IjS-AYSCEtYSDFCLTI5 "HTTP/1.1 200 OK"
2026-06-28 08:14:54,691 INFO httpx: HTTP Request: GET https://external-api.kalshi.com/trade-api/v2/events?status=open&with_nested_markets=true&limit=200&cursor=CgYI8OXj6AYSEUtYTlZEQUEtMjhKQU5IRUFE "HTTP/1.1 200 OK"
2026-06-28 08:14:55,863 INFO httpx: HTTP Request: GET https://external-api.kalshi.com/trade-api/v2/events?status=open&with_nested_markets=true&limit=200&cursor=CgYI8NSs5gYSFktYTUlEVEVSTVZPVEVUVVJOLVBBMTE "HTTP/1.1 200 OK"
2026-06-28 08:14:56,755 INFO httpx: HTTP Request: GET https://external-api.kalshi.com/trade-api/v2/events?status=open&with_nested_markets=true&limit=200&cursor=CgYI8NSs5gYSFktYTUlEVEVSTVZPVEVUVVJOLUtTMDI "HTTP/1.1 200 OK"
2026-06-28 08:14:57,702 INFO httpx: HTTP Request: GET https://external-api.kalshi.com/trade-api/v2/events?status=open&with_nested_markets=true&limit=200&cursor=CgYI8NSs5gYSEktYTUlEVEVSTU1PVi1XSTAyRA "HTTP/1.1 200 OK"
2026-06-28 08:14:59,222 INFO httpx: HTTP Request: GET https://external-api.kalshi.com/trade-api/v2/events?status=open&with_nested_markets=true&limit=200&cursor=CgYI8NSs5gYSEktYTUlEVEVSTU1PVi1OVjAzUg "HTTP/1.1 200 OK"
2026-06-28 08:15:00,770 INFO httpx: HTTP Request: GET https://external-api.kalshi.com/trade-api/v2/events?status=open&with_nested_markets=true&limit=200&cursor=CgYI8NSs5gYSE0tYTUlEVEVSTU1PVi1HQVNFTkQ "HTTP/1.1 200 OK"
2026-06-28 08:15:02,237 INFO httpx: HTTP Request: GET https://external-api.kalshi.com/trade-api/v2/events?status=open&with_nested_markets=true&limit=200&cursor=CgYI4Inv4AYSHUtYVk9URVBSSU1BUlktTlkxM0QyNkFFU1BBRVNQ "HTTP/1.1 200 OK"
2026-06-28 08:15:04,248 INFO httpx: HTTP Request: GET https://external-api.kalshi.com/trade-api/v2/events?status=open&with_nested_markets=true&limit=200&cursor=CgYI8L322wYSDUtYTUFZT1JDSEktMjc "HTTP/1.1 200 OK"
2026-06-28 08:15:06,346 INFO app: refresh complete: 300 canonical, 271 unified (kalshi=150, polymarket=150)
2026-06-28 08:16:07,049 INFO httpx: HTTP Request: GET https://gamma-api.polymarket.com/markets?active=true&closed=false&limit=100&offset=0&order=volumeNum&ascending=false "HTTP/1.1 200 OK"
2026-06-28 08:16:07,110 INFO httpx: HTTP Request: GET https://gamma-api.polymarket.com/markets?active=true&closed=false&limit=100&offset=100&order=volumeNum&ascending=false "HTTP/1.1 200 OK"
2026-06-28 08:16:07,546 INFO httpx: HTTP Request: GET https://external-api.kalshi.com/trade-api/v2/events?status=open&with_nested_markets=true&limit=200 "HTTP/1.1 200 OK"
2026-06-28 08:16:08,203 INFO httpx: HTTP Request: GET https://external-api.kalshi.com/trade-api/v2/events?status=open&with_nested_markets=true&limit=200&cursor=CgYI8IjS-AYSCEtYSDFCLTI5 "HTTP/1.1 200 OK"
2026-06-28 08:16:09,405 INFO httpx: HTTP Request: GET https://external-api.kalshi.com/trade-api/v2/events?status=open&with_nested_markets=true&limit=200&cursor=CgYI8OXj6AYSEUtYTlZEQUEtMjhKQU5IRUFE "HTTP/1.1 200 OK"
2026-06-28 08:16:10,789 INFO httpx: HTTP Request: GET https://external-api.kalshi.com/trade-api/v2/events?status=open&with_nested_markets=true&limit=200&cursor=CgYI8NSs5gYSFktYTUlEVEVSTVZPVEVUVVJOLVBBMTE "HTTP/1.1 200 OK"
2026-06-28 08:16:12,356 INFO httpx: HTTP Request: GET https://external-api.kalshi.com/trade-api/v2/events?status=open&with_nested_markets=true&limit=200&cursor=CgYI8NSs5gYSFktYTUlEVEVSTVZPVEVUVVJOLUtTMDI "HTTP/1.1 200 OK"
2026-06-28 08:16:12,826 INFO httpx: HTTP Request: GET https://external-api.kalshi.com/trade-api/v2/events?status=open&with_nested_markets=true&limit=200&cursor=CgYI8NSs5gYSEktYTUlEVEVSTU1PVi1XSTAyRA "HTTP/1.1 200 OK"
2026-06-28 08:16:13,525 INFO httpx: HTTP Request: GET https://external-api.kalshi.com/trade-api/v2/events?status=open&with_nested_markets=true&limit=200&cursor=CgYI8NSs5gYSEktYTUlEVEVSTU1PVi1OVjAzUg "HTTP/1.1 200 OK"
2026-06-28 08:16:14,581 INFO httpx: HTTP Request: GET https://external-api.kalshi.com/trade-api/v2/events?status=open&with_nested_markets=true&limit=200&cursor=CgYI8NSs5gYSE0tYTUlEVEVSTU1PVi1HQVNFTkQ "HTTP/1.1 200 OK"
2026-06-28 08:16:15,919 INFO httpx: HTTP Request: GET https://external-api.kalshi.com/trade-api/v2/events?status=open&with_nested_markets=true&limit=200&cursor=CgYI4Inv4AYSHUtYVk9URVBSSU1BUlktTlkxM0QyNkFFU1BBRVNQ "HTTP/1.1 200 OK"
2026-06-28 08:16:17,610 INFO httpx: HTTP Request: GET https://external-api.kalshi.com/trade-api/v2/events?status=open&with_nested_markets=true&limit=200&cursor=CgYI8L322wYSDUtYTUFZT1JDSEktMjc "HTTP/1.1 200 OK"
2026-06-28 08:16:19,651 INFO app: refresh complete: 300 canonical, 271 unified (kalshi=150, polymarket=150)
2026-06-28 08:16:41,172 INFO httpx: HTTP Request: GET https://data.alpaca.markets/v2/stocks/SPY/snapshot "HTTP/1.1 200 OK"
2026-06-28 08:16:41,236 INFO httpx: HTTP Request: GET https://data.alpaca.markets/v2/stocks/LMT/snapshot "HTTP/1.1 200 OK"
2026-06-28 08:16:41,793 INFO httpx: HTTP Request: GET https://data.alpaca.markets/v2/stocks/LMT/snapshot "HTTP/1.1 200 OK"
2026-06-28 08:16:41,844 INFO httpx: HTTP Request: GET https://data.alpaca.markets/v2/stocks/SPY/snapshot "HTTP/1.1 200 OK"
2026-06-28 08:16:42,440 INFO httpx: HTTP Request: GET https://data.alpaca.markets/v2/stocks/SPY/snapshot "HTTP/1.1 200 OK"
2026-06-28 08:16:42,473 INFO httpx: HTTP Request: GET https://data.alpaca.markets/v2/stocks/LMT/snapshot "HTTP/1.1 200 OK"
2026-06-28 08:16:43,072 INFO httpx: HTTP Request: GET https://data.alpaca.markets/v2/stocks/LMT/snapshot "HTTP/1.1 200 OK"
2026-06-28 08:16:43,089 INFO httpx: HTTP Request: GET https://data.alpaca.markets/v2/stocks/SPY/snapshot "HTTP/1.1 200 OK"
2026-06-28 08:16:57,736 INFO httpx: HTTP Request: GET https://data.alpaca.markets/v2/stocks/LMT/snapshot "HTTP/1.1 200 OK"
2026-06-28 08:16:57,738 INFO httpx: HTTP Request: GET https://data.alpaca.markets/v2/stocks/SPY/snapshot "HTTP/1.1 200 OK"
2026-06-28 08:16:58,354 INFO httpx: HTTP Request: GET https://data.alpaca.markets/v2/stocks/SPY/snapshot "HTTP/1.1 200 OK"
2026-06-28 08:16:58,365 INFO httpx: HTTP Request: GET https://data.alpaca.markets/v2/stocks/LMT/snapshot "HTTP/1.1 200 OK"
2026-06-28 08:16:58,989 INFO httpx: HTTP Request: GET https://data.alpaca.markets/v2/stocks/SPY/snapshot "HTTP/1.1 200 OK"
2026-06-28 08:16:59,007 INFO httpx: HTTP Request: GET https://data.alpaca.markets/v2/stocks/LMT/snapshot "HTTP/1.1 200 OK"
2026-06-28 08:16:59,610 INFO httpx: HTTP Request: GET https://data.alpaca.markets/v2/stocks/LMT/snapshot "HTTP/1.1 200 OK"
2026-06-28 08:16:59,610 INFO httpx: HTTP Request: GET https://data.alpaca.markets/v2/stocks/SPY/snapshot "HTTP/1.1 200 OK"
2026-06-28 08:17:07,686 INFO httpx: HTTP Request: GET https://data.alpaca.markets/v2/stocks/SPY/snapshot "HTTP/1.1 200 OK"
2026-06-28 08:17:08,018 INFO httpx: HTTP Request: GET https://data.alpaca.markets/v2/stocks/LMT/snapshot "HTTP/1.1 200 OK"
2026-06-28 08:17:08,253 INFO httpx: HTTP Request: GET https://data.alpaca.markets/v2/stocks/LMT/snapshot "HTTP/1.1 200 OK"
2026-06-28 08:17:08,604 INFO httpx: HTTP Request: GET https://data.alpaca.markets/v2/stocks/SPY/snapshot "HTTP/1.1 200 OK"
2026-06-28 08:17:08,844 INFO httpx: HTTP Request: GET https://data.alpaca.markets/v2/stocks/SPY/snapshot "HTTP/1.1 200 OK"
2026-06-28 08:17:09,194 INFO httpx: HTTP Request: GET https://data.alpaca.markets/v2/stocks/LMT/snapshot "HTTP/1.1 200 OK"
2026-06-28 08:17:09,405 INFO httpx: HTTP Request: GET https://data.alpaca.markets/v2/stocks/LMT/snapshot "HTTP/1.1 200 OK"
2026-06-28 08:17:10,002 INFO httpx: HTTP Request: GET https://data.alpaca.markets/v2/stocks/SPY/snapshot "HTTP/1.1 200 OK"
2026-06-28 08:17:20,324 INFO httpx: HTTP Request: GET https://gamma-api.polymarket.com/markets?active=true&closed=false&limit=100&offset=0&order=volumeNum&ascending=false "HTTP/1.1 200 OK"
2026-06-28 08:17:20,379 INFO httpx: HTTP Request: GET https://gamma-api.polymarket.com/markets?active=true&closed=false&limit=100&offset=100&order=volumeNum&ascending=false "HTTP/1.1 200 OK"
2026-06-28 08:17:20,815 INFO httpx: HTTP Request: GET https://external-api.kalshi.com/trade-api/v2/events?status=open&with_nested_markets=true&limit=200 "HTTP/1.1 200 OK"
2026-06-28 08:17:21,509 INFO httpx: HTTP Request: GET https://external-api.kalshi.com/trade-api/v2/events?status=open&with_nested_markets=true&limit=200&cursor=CgYI8IjS-AYSCEtYSDFCLTI5 "HTTP/1.1 200 OK"
2026-06-28 08:17:22,003 INFO httpx: HTTP Request: GET https://external-api.kalshi.com/trade-api/v2/events?status=open&with_nested_markets=true&limit=200&cursor=CgYI8OXj6AYSEUtYTlZEQUEtMjhKQU5IRUFE "HTTP/1.1 200 OK"
2026-06-28 08:17:22,501 INFO httpx: HTTP Request: GET https://external-api.kalshi.com/trade-api/v2/events?status=open&with_nested_markets=true&limit=200&cursor=CgYI8NSs5gYSFktYTUlEVEVSTVZPVEVUVVJOLVBBMTE "HTTP/1.1 200 OK"
2026-06-28 08:17:22,923 INFO httpx: HTTP Request: GET https://external-api.kalshi.com/trade-api/v2/events?status=open&with_nested_markets=true&limit=200&cursor=CgYI8NSs5gYSFktYTUlEVEVSTVZPVEVUVVJOLUtTMDI "HTTP/1.1 200 OK"
2026-06-28 08:17:23,396 INFO httpx: HTTP Request: GET https://external-api.kalshi.com/trade-api/v2/events?status=open&with_nested_markets=true&limit=200&cursor=CgYI8NSs5gYSEktYTUlEVEVSTU1PVi1XSTAyRA "HTTP/1.1 200 OK"
2026-06-28 08:17:24,249 INFO httpx: HTTP Request: GET https://external-api.kalshi.com/trade-api/v2/events?status=open&with_nested_markets=true&limit=200&cursor=CgYI8NSs5gYSEktYTUlEVEVSTU1PVi1OVjAzUg "HTTP/1.1 200 OK"
2026-06-28 08:17:25,133 INFO httpx: HTTP Request: GET https://external-api.kalshi.com/trade-api/v2/events?status=open&with_nested_markets=true&limit=200&cursor=CgYI8NSs5gYSE0tYTUlEVEVSTU1PVi1HQVNFTkQ "HTTP/1.1 200 OK"
2026-06-28 08:17:25,977 INFO httpx: HTTP Request: GET https://external-api.kalshi.com/trade-api/v2/events?status=open&with_nested_markets=true&limit=200&cursor=CgYI4Inv4AYSHUtYVk9URVBSSU1BUlktTlkxM0QyNkFFU1BBRVNQ "HTTP/1.1 200 OK"
2026-06-28 08:17:27,158 INFO httpx: HTTP Request: GET https://external-api.kalshi.com/trade-api/v2/events?status=open&with_nested_markets=true&limit=200&cursor=CgYI8L322wYSDUtYTUFZT1JDSEktMjc "HTTP/1.1 200 OK"
2026-06-28 08:17:29,174 INFO app: refresh complete: 300 canonical, 271 unified (kalshi=150, polymarket=150)
2026-06-28 08:18:29,792 INFO httpx: HTTP Request: GET https://gamma-api.polymarket.com/markets?active=true&closed=false&limit=100&offset=0&order=volumeNum&ascending=false "HTTP/1.1 200 OK"
2026-06-28 08:18:29,839 INFO httpx: HTTP Request: GET https://gamma-api.polymarket.com/markets?active=true&closed=false&limit=100&offset=100&order=volumeNum&ascending=false "HTTP/1.1 200 OK"
2026-06-28 08:18:30,282 INFO httpx: HTTP Request: GET https://external-api.kalshi.com/trade-api/v2/events?status=open&with_nested_markets=true&limit=200 "HTTP/1.1 200 OK"
2026-06-28 08:18:31,019 INFO httpx: HTTP Request: GET https://external-api.kalshi.com/trade-api/v2/events?status=open&with_nested_markets=true&limit=200&cursor=CgYI8IjS-AYSCEtYSDFCLTI5 "HTTP/1.1 200 OK"
2026-06-28 08:18:31,504 INFO httpx: HTTP Request: GET https://external-api.kalshi.com/trade-api/v2/events?status=open&with_nested_markets=true&limit=200&cursor=CgYI8OXj6AYSEUtYTlZEQUEtMjhKQU5IRUFE "HTTP/1.1 200 OK"
2026-06-28 08:18:32,184 INFO httpx: HTTP Request: GET https://external-api.kalshi.com/trade-api/v2/events?status=open&with_nested_markets=true&limit=200&cursor=CgYI8NSs5gYSFktYTUlEVEVSTVZPVEVUVVJOLVBBMTE "HTTP/1.1 200 OK"
2026-06-28 08:18:32,651 INFO httpx: HTTP Request: GET https://external-api.kalshi.com/trade-api/v2/events?status=open&with_nested_markets=true&limit=200&cursor=CgYI8NSs5gYSFktYTUlEVEVSTVZPVEVUVVJOLUtTMDI "HTTP/1.1 200 OK"
2026-06-28 08:18:33,201 INFO httpx: HTTP Request: GET https://external-api.kalshi.com/trade-api/v2/events?status=open&with_nested_markets=true&limit=200&cursor=CgYI8NSs5gYSEktYTUlEVEVSTU1PVi1XSTAyRA "HTTP/1.1 200 OK"
2026-06-28 08:18:34,043 INFO httpx: HTTP Request: GET https://external-api.kalshi.com/trade-api/v2/events?status=open&with_nested_markets=true&limit=200&cursor=CgYI8NSs5gYSEktYTUlEVEVSTU1PVi1OVjAzUg "HTTP/1.1 200 OK"
2026-06-28 08:18:34,886 INFO httpx: HTTP Request: GET https://external-api.kalshi.com/trade-api/v2/events?status=open&with_nested_markets=true&limit=200&cursor=CgYI8NSs5gYSE0tYTUlEVEVSTU1PVi1HQVNFTkQ "HTTP/1.1 200 OK"
2026-06-28 08:18:35,731 INFO httpx: HTTP Request: GET https://external-api.kalshi.com/trade-api/v2/events?status=open&with_nested_markets=true&limit=200&cursor=CgYI4Inv4AYSHUtYVk9URVBSSU1BUlktTlkxM0QyNkFFU1BBRVNQ "HTTP/1.1 200 OK"
2026-06-28 08:18:36,833 INFO httpx: HTTP Request: GET https://external-api.kalshi.com/trade-api/v2/events?status=open&with_nested_markets=true&limit=200&cursor=CgYI8L322wYSDUtYTUFZT1JDSEktMjc "HTTP/1.1 200 OK"
2026-06-28 08:18:38,731 INFO app: refresh complete: 300 canonical, 271 unified (kalshi=150, polymarket=150)
